;  LST file generated by mikroListExporter - v.2.0 
; Date/Time: 1/1/2025 7:53:24 PM
;----------------------------------------------

;Address Opcode 	ASM
0x0000	0x2C5B      	GOTO       1115
_interrupt:
0x0004	0x00FF      	MOVWF      R15
0x0005	0x0E03      	SWAPF      STATUS, 0
0x0006	0x0183      	CLRF       STATUS
0x0007	0x00D8      	MOVWF      ___saveSTATUS
0x0008	0x080A      	MOVF       PCLATH, 0
0x0009	0x00E1      	MOVWF      ___savePCLATH
0x000A	0x018A      	CLRF       PCLATH
0x000B	0x0870      	MOVF       R0, 0
0x000C	0x00A1      	MOVWF      33
;BicycleSafetySystem.c,42 :: 		void interrupt() {
;BicycleSafetySystem.c,44 :: 		if (INTCON & 0x01) {
0x000D	0x1C0B      	BTFSS      INTCON, 0
0x000E	0x281B      	GOTO       L_interrupt0
;BicycleSafetySystem.c,45 :: 		if (!(PORTB & 0x10)) {   // Check if RB5 (right turn button) is pressed
0x000F	0x1A06      	BTFSC      PORTB, 4
0x0010	0x2814      	GOTO       L_interrupt1
;BicycleSafetySystem.c,46 :: 		PORTB |= 0x04;      // Turn on RB2 (right turn signal)
0x0011	0x1506      	BSF        PORTB, 2
;BicycleSafetySystem.c,47 :: 		rturn = 1;          // Set right turn flag
0x0012	0x3001      	MOVLW      1
0x0013	0x00CE      	MOVWF      _rturn
;BicycleSafetySystem.c,48 :: 		}
L_interrupt1:
;BicycleSafetySystem.c,49 :: 		if (!(PORTB & 0x20)) {   // Check if RB6 (left turn button) is pressed
0x0014	0x1A86      	BTFSC      PORTB, 5
0x0015	0x2819      	GOTO       L_interrupt2
;BicycleSafetySystem.c,50 :: 		PORTB |= 0x08;      // Turn on RB3 (left turn signal)
0x0016	0x1586      	BSF        PORTB, 3
;BicycleSafetySystem.c,51 :: 		lturn = 1;          // Set left turn flag
0x0017	0x3001      	MOVLW      1
0x0018	0x00CF      	MOVWF      _lturn
;BicycleSafetySystem.c,52 :: 		}
L_interrupt2:
;BicycleSafetySystem.c,53 :: 		INTCON &= 0xFE;          // Clear PORTB Change Interrupt flag
0x0019	0x30FE      	MOVLW      254
0x001A	0x058B      	ANDWF      INTCON, 1
;BicycleSafetySystem.c,54 :: 		}
L_interrupt0:
;BicycleSafetySystem.c,57 :: 		if (INTCON & 0x04) {
0x001B	0x1D0B      	BTFSS      INTCON, 2
0x001C	0x28F4      	GOTO       L_interrupt3
;BicycleSafetySystem.c,58 :: 		tick++;                  // Increment Timer0 counter (~32ms per increment)
0x001D	0x0AD2      	INCF       _tick, 1
;BicycleSafetySystem.c,59 :: 		tick3++;                 // Increment hall sensor pulse counter
0x001E	0x0AD6      	INCF       _tick3, 1
;BicycleSafetySystem.c,60 :: 		tick4++;                 // Increment speed calculation counter
0x001F	0x0AD5      	INCF       _tick4, 1
;BicycleSafetySystem.c,61 :: 		tick5++;                 // Increment ultrasonic sensor counter
0x0020	0x0AD0      	INCF       _tick5, 1
;BicycleSafetySystem.c,64 :: 		if (tick == 2) {
0x0021	0x0852      	MOVF       _tick, 0
0x0022	0x3A02      	XORLW      2
0x0023	0x1D03      	BTFSS      STATUS, 2
0x0024	0x2863      	GOTO       L_interrupt4
;BicycleSafetySystem.c,65 :: 		tick = 0;
0x0025	0x01D2      	CLRF       _tick
;BicycleSafetySystem.c,68 :: 		flexA0 = ATD_read0();
0x0026	0x22C9      	CALL       _ATD_read0
0x0027	0x0870      	MOVF       R0, 0
0x0028	0x1283      	BCF        STATUS, 5
0x0029	0x00D3      	MOVWF      _flexA0
0x002A	0x0871      	MOVF       R0+1, 0
0x002B	0x00D4      	MOVWF      _flexA0+1
;BicycleSafetySystem.c,69 :: 		flexD0 = (unsigned int)(flexA0 * 50) / 1023;  // Scale AN0 reading
0x002C	0x3032      	MOVLW      50
0x002D	0x00F4      	MOVWF      R4
0x002E	0x3000      	MOVLW      0
0x002F	0x00F5      	MOVWF      R4+1
0x0030	0x22EB      	CALL       _Mul_16X16_U
0x0031	0x30FF      	MOVLW      255
0x0032	0x00F4      	MOVWF      R4
0x0033	0x3003      	MOVLW      3
0x0034	0x00F5      	MOVWF      R4+1
0x0035	0x2316      	CALL       _Div_16X16_U
0x0036	0x0870      	MOVF       R0, 0
0x0037	0x00C8      	MOVWF      _flexD0
0x0038	0x0871      	MOVF       R0+1, 0
0x0039	0x00C9      	MOVWF      _flexD0+1
;BicycleSafetySystem.c,70 :: 		flexA1 = ATD_read1();
0x003A	0x2359      	CALL       _ATD_read1
0x003B	0x0870      	MOVF       R0, 0
0x003C	0x1283      	BCF        STATUS, 5
0x003D	0x00AC      	MOVWF      _flexA1
0x003E	0x0871      	MOVF       R0+1, 0
0x003F	0x00AD      	MOVWF      _flexA1+1
;BicycleSafetySystem.c,71 :: 		flexD1 = (unsigned int)(flexA1 * 50) / 1023;  // Scale AN1 reading
0x0040	0x3032      	MOVLW      50
0x0041	0x00F4      	MOVWF      R4
0x0042	0x3000      	MOVLW      0
0x0043	0x00F5      	MOVWF      R4+1
0x0044	0x22EB      	CALL       _Mul_16X16_U
0x0045	0x30FF      	MOVLW      255
0x0046	0x00F4      	MOVWF      R4
0x0047	0x3003      	MOVLW      3
0x0048	0x00F5      	MOVWF      R4+1
0x0049	0x2316      	CALL       _Div_16X16_U
0x004A	0x0870      	MOVF       R0, 0
0x004B	0x00AE      	MOVWF      _flexD1
0x004C	0x0871      	MOVF       R0+1, 0
0x004D	0x00AF      	MOVWF      _flexD1+1
;BicycleSafetySystem.c,74 :: 		if ((flexD0 > 34) || (flexD1 > 34)) {
0x004E	0x0849      	MOVF       _flexD0+1, 0
0x004F	0x3C00      	SUBLW      0
0x0050	0x1D03      	BTFSS      STATUS, 2
0x0051	0x2854      	GOTO       L__interrupt52
0x0052	0x0848      	MOVF       _flexD0, 0
0x0053	0x3C22      	SUBLW      34
L__interrupt52:
0x0054	0x1C03      	BTFSS      STATUS, 0
0x0055	0x285F      	GOTO       L__interrupt49
0x0056	0x082F      	MOVF       _flexD1+1, 0
0x0057	0x3C00      	SUBLW      0
0x0058	0x1D03      	BTFSS      STATUS, 2
0x0059	0x285C      	GOTO       L__interrupt53
0x005A	0x082E      	MOVF       _flexD1, 0
0x005B	0x3C22      	SUBLW      34
L__interrupt53:
0x005C	0x1C03      	BTFSS      STATUS, 0
0x005D	0x285F      	GOTO       L__interrupt49
0x005E	0x2861      	GOTO       L_interrupt7
L__interrupt49:
;BicycleSafetySystem.c,75 :: 		PORTB |= 0x02;   // Turn on RB1
0x005F	0x1486      	BSF        PORTB, 1
;BicycleSafetySystem.c,76 :: 		} else {
0x0060	0x2863      	GOTO       L_interrupt8
L_interrupt7:
;BicycleSafetySystem.c,77 :: 		PORTB &= 0xFD;   // Turn off RB1
0x0061	0x30FD      	MOVLW      253
0x0062	0x0586      	ANDWF      PORTB, 1
;BicycleSafetySystem.c,78 :: 		}
L_interrupt8:
;BicycleSafetySystem.c,79 :: 		}
L_interrupt4:
;BicycleSafetySystem.c,82 :: 		if (rturn == 1) {
0x0063	0x084E      	MOVF       _rturn, 0
0x0064	0x3A01      	XORLW      1
0x0065	0x1D03      	BTFSS      STATUS, 2
0x0066	0x2878      	GOTO       L_interrupt9
;BicycleSafetySystem.c,83 :: 		tick1++;             // Increment right turn duration counter
0x0067	0x0AD1      	INCF       _tick1, 1
;BicycleSafetySystem.c,84 :: 		ticka++;             // Increment right turn blinking interval counter
0x0068	0x0ACD      	INCF       _ticka, 1
;BicycleSafetySystem.c,86 :: 		if (ticka == 15) {   // Toggle RB2 (right turn signal) every ~480ms
0x0069	0x084D      	MOVF       _ticka, 0
0x006A	0x3A0F      	XORLW      15
0x006B	0x1D03      	BTFSS      STATUS, 2
0x006C	0x2870      	GOTO       L_interrupt10
;BicycleSafetySystem.c,87 :: 		ticka = 0;
0x006D	0x01CD      	CLRF       _ticka
;BicycleSafetySystem.c,88 :: 		PORTB ^= 0x04;   // Toggle RB2
0x006E	0x3004      	MOVLW      4
0x006F	0x0686      	XORWF      PORTB, 1
;BicycleSafetySystem.c,89 :: 		}
L_interrupt10:
;BicycleSafetySystem.c,90 :: 		if (tick1 == 150) {  // Stop right turn signal after ~5 seconds
0x0070	0x0851      	MOVF       _tick1, 0
0x0071	0x3A96      	XORLW      150
0x0072	0x1D03      	BTFSS      STATUS, 2
0x0073	0x2878      	GOTO       L_interrupt11
;BicycleSafetySystem.c,91 :: 		tick1 = 0;
0x0074	0x01D1      	CLRF       _tick1
;BicycleSafetySystem.c,92 :: 		rturn = 0;
0x0075	0x01CE      	CLRF       _rturn
;BicycleSafetySystem.c,93 :: 		PORTB &= 0xFB;   // Turn off RB2
0x0076	0x30FB      	MOVLW      251
0x0077	0x0586      	ANDWF      PORTB, 1
;BicycleSafetySystem.c,94 :: 		}
L_interrupt11:
;BicycleSafetySystem.c,95 :: 		}
L_interrupt9:
;BicycleSafetySystem.c,98 :: 		if (lturn == 1) {
0x0078	0x084F      	MOVF       _lturn, 0
0x0079	0x3A01      	XORLW      1
0x007A	0x1D03      	BTFSS      STATUS, 2
0x007B	0x288D      	GOTO       L_interrupt12
;BicycleSafetySystem.c,99 :: 		tick2++;             // Increment left turn duration counter
0x007C	0x0AD7      	INCF       _tick2, 1
;BicycleSafetySystem.c,100 :: 		tickb++;             // Increment left turn blinking interval counter
0x007D	0x0ACC      	INCF       _tickb, 1
;BicycleSafetySystem.c,102 :: 		if (tickb == 15) {   // Toggle RB3 (left turn signal) every ~480ms
0x007E	0x084C      	MOVF       _tickb, 0
0x007F	0x3A0F      	XORLW      15
0x0080	0x1D03      	BTFSS      STATUS, 2
0x0081	0x2885      	GOTO       L_interrupt13
;BicycleSafetySystem.c,103 :: 		tickb = 0;
0x0082	0x01CC      	CLRF       _tickb
;BicycleSafetySystem.c,104 :: 		PORTB ^= 0x08;   // Toggle RB3
0x0083	0x3008      	MOVLW      8
0x0084	0x0686      	XORWF      PORTB, 1
;BicycleSafetySystem.c,105 :: 		}
L_interrupt13:
;BicycleSafetySystem.c,106 :: 		if (tick2 == 150) {  // Stop left turn signal after ~5 seconds
0x0085	0x0857      	MOVF       _tick2, 0
0x0086	0x3A96      	XORLW      150
0x0087	0x1D03      	BTFSS      STATUS, 2
0x0088	0x288D      	GOTO       L_interrupt14
;BicycleSafetySystem.c,107 :: 		tick2 = 0;
0x0089	0x01D7      	CLRF       _tick2
;BicycleSafetySystem.c,108 :: 		lturn = 0;
0x008A	0x01CF      	CLRF       _lturn
;BicycleSafetySystem.c,109 :: 		PORTB &= 0xF7;   // Turn off RB3
0x008B	0x30F7      	MOVLW      247
0x008C	0x0586      	ANDWF      PORTB, 1
;BicycleSafetySystem.c,110 :: 		}
L_interrupt14:
;BicycleSafetySystem.c,111 :: 		}
L_interrupt12:
;BicycleSafetySystem.c,114 :: 		if (tick3 == 7) {
0x008D	0x0856      	MOVF       _tick3, 0
0x008E	0x3A07      	XORLW      7
0x008F	0x1D03      	BTFSS      STATUS, 2
0x0090	0x28B1      	GOTO       L_interrupt15
;BicycleSafetySystem.c,115 :: 		tick3 = 0;
0x0091	0x01D6      	CLRF       _tick3
;BicycleSafetySystem.c,118 :: 		hallA2 = ATD_read2();
0x0092	0x2373      	CALL       _ATD_read2
0x0093	0x0870      	MOVF       R0, 0
0x0094	0x1283      	BCF        STATUS, 5
0x0095	0x00B0      	MOVWF      _hallA2
0x0096	0x0871      	MOVF       R0+1, 0
0x0097	0x00B1      	MOVWF      _hallA2+1
;BicycleSafetySystem.c,119 :: 		hallD2 = (unsigned int)(hallA2 * 50) / 1023;
0x0098	0x3032      	MOVLW      50
0x0099	0x00F4      	MOVWF      R4
0x009A	0x3000      	MOVLW      0
0x009B	0x00F5      	MOVWF      R4+1
0x009C	0x22EB      	CALL       _Mul_16X16_U
0x009D	0x30FF      	MOVLW      255
0x009E	0x00F4      	MOVWF      R4
0x009F	0x3003      	MOVLW      3
0x00A0	0x00F5      	MOVWF      R4+1
0x00A1	0x2316      	CALL       _Div_16X16_U
0x00A2	0x0870      	MOVF       R0, 0
0x00A3	0x00A2      	MOVWF      _hallD2
0x00A4	0x0871      	MOVF       R0+1, 0
0x00A5	0x00A3      	MOVWF      _hallD2+1
;BicycleSafetySystem.c,122 :: 		if (hallD2 > 10) {
0x00A6	0x0871      	MOVF       R0+1, 0
0x00A7	0x3C00      	SUBLW      0
0x00A8	0x1D03      	BTFSS      STATUS, 2
0x00A9	0x28AC      	GOTO       L__interrupt54
0x00AA	0x0870      	MOVF       R0, 0
0x00AB	0x3C0A      	SUBLW      10
L__interrupt54:
0x00AC	0x1803      	BTFSC      STATUS, 0
0x00AD	0x28B1      	GOTO       L_interrupt16
;BicycleSafetySystem.c,123 :: 		pulse++;
0x00AE	0x0ACA      	INCF       _pulse, 1
0x00AF	0x1903      	BTFSC      STATUS, 2
0x00B0	0x0ACB      	INCF       _pulse+1, 1
;BicycleSafetySystem.c,124 :: 		}
L_interrupt16:
;BicycleSafetySystem.c,125 :: 		}
L_interrupt15:
;BicycleSafetySystem.c,128 :: 		if (tick4 == 219) {
0x00B1	0x0855      	MOVF       _tick4, 0
0x00B2	0x3ADB      	XORLW      219
0x00B3	0x1D03      	BTFSS      STATUS, 2
0x00B4	0x28EB      	GOTO       L_interrupt17
;BicycleSafetySystem.c,129 :: 		tick4 = 0;
0x00B5	0x01D5      	CLRF       _tick4
;BicycleSafetySystem.c,132 :: 		dis = (unsigned long)(314 * 35 * pulse) / 2;
0x00B6	0x30EE      	MOVLW      238
0x00B7	0x00F0      	MOVWF      R0
0x00B8	0x302A      	MOVLW      42
0x00B9	0x00F1      	MOVWF      R0+1
0x00BA	0x084A      	MOVF       _pulse, 0
0x00BB	0x00F4      	MOVWF      R4
0x00BC	0x084B      	MOVF       _pulse+1, 0
0x00BD	0x00F5      	MOVWF      R4+1
0x00BE	0x22EB      	CALL       _Mul_16X16_U
0x00BF	0x0870      	MOVF       R0, 0
0x00C0	0x00F5      	MOVWF      R5
0x00C1	0x0871      	MOVF       R0+1, 0
0x00C2	0x00F6      	MOVWF      R5+1
0x00C3	0x01F7      	CLRF       R5+2
0x00C4	0x01F8      	CLRF       R5+3
0x00C5	0x0875      	MOVF       R5, 0
0x00C6	0x00F0      	MOVWF      R0
0x00C7	0x0876      	MOVF       R5+1, 0
0x00C8	0x00F1      	MOVWF      R0+1
0x00C9	0x0877      	MOVF       R5+2, 0
0x00CA	0x00F2      	MOVWF      R0+2
0x00CB	0x0878      	MOVF       R5+3, 0
0x00CC	0x00F3      	MOVWF      R0+3
0x00CD	0x0CF3      	RRF        R0+3, 1
0x00CE	0x0CF2      	RRF        R0+2, 1
0x00CF	0x0CF1      	RRF        R0+1, 1
0x00D0	0x0CF0      	RRF        R0, 1
0x00D1	0x13F3      	BCF        R0+3, 7
0x00D2	0x0870      	MOVF       R0, 0
0x00D3	0x00A4      	MOVWF      _dis
0x00D4	0x0871      	MOVF       R0+1, 0
0x00D5	0x00A5      	MOVWF      _dis+1
0x00D6	0x0872      	MOVF       R0+2, 0
0x00D7	0x00A6      	MOVWF      _dis+2
0x00D8	0x0873      	MOVF       R0+3, 0
0x00D9	0x00A7      	MOVWF      _dis+3
;BicycleSafetySystem.c,135 :: 		v = (unsigned long) dis / 700;
0x00DA	0x30BC      	MOVLW      188
0x00DB	0x00F4      	MOVWF      R4
0x00DC	0x3002      	MOVLW      2
0x00DD	0x00F5      	MOVWF      R4+1
0x00DE	0x01F6      	CLRF       R4+2
0x00DF	0x01F7      	CLRF       R4+3
0x00E0	0x2107      	CALL       _Div_32x32_U
0x00E1	0x0870      	MOVF       R0, 0
0x00E2	0x00A8      	MOVWF      _v
0x00E3	0x0871      	MOVF       R0+1, 0
0x00E4	0x00A9      	MOVWF      _v+1
0x00E5	0x0872      	MOVF       R0+2, 0
0x00E6	0x00AA      	MOVWF      _v+2
0x00E7	0x0873      	MOVF       R0+3, 0
0x00E8	0x00AB      	MOVWF      _v+3
;BicycleSafetySystem.c,138 :: 		pulse = 0;
0x00E9	0x01CA      	CLRF       _pulse
0x00EA	0x01CB      	CLRF       _pulse+1
;BicycleSafetySystem.c,139 :: 		}
L_interrupt17:
;BicycleSafetySystem.c,142 :: 		if (tick5 == 7) {
0x00EB	0x0850      	MOVF       _tick5, 0
0x00EC	0x3A07      	XORLW      7
0x00ED	0x1D03      	BTFSS      STATUS, 2
0x00EE	0x28F2      	GOTO       L_interrupt18
;BicycleSafetySystem.c,143 :: 		tick5 = 0;
0x00EF	0x01D0      	CLRF       _tick5
;BicycleSafetySystem.c,144 :: 		sonar_read1();
0x00F0	0x238D      	CALL       _sonar_read1
;BicycleSafetySystem.c,145 :: 		sonar_read2();
0x00F1	0x23F4      	CALL       _sonar_read2
;BicycleSafetySystem.c,146 :: 		}
L_interrupt18:
;BicycleSafetySystem.c,148 :: 		INTCON &= 0xFB;           // Clear Timer0 Interrupt flag
0x00F2	0x30FB      	MOVLW      251
0x00F3	0x058B      	ANDWF      INTCON, 1
;BicycleSafetySystem.c,149 :: 		}
L_interrupt3:
;BicycleSafetySystem.c,151 :: 		if (PIR1 & 0x01) {            // Timer1 Overflow Interrupt
0x00F4	0x1C0C      	BTFSS      PIR1, 0
0x00F5	0x28FE      	GOTO       L_interrupt19
;BicycleSafetySystem.c,152 :: 		T1overflow++;
0x00F6	0x0ADF      	INCF       _T1overflow, 1
0x00F7	0x1903      	BTFSC      STATUS, 2
0x00F8	0x0AE0      	INCF       _T1overflow+1, 1
;BicycleSafetySystem.c,153 :: 		T2overflow++;
0x00F9	0x0AB6      	INCF       _T2overflow, 1
0x00FA	0x1903      	BTFSC      STATUS, 2
0x00FB	0x0AB7      	INCF       _T2overflow+1, 1
;BicycleSafetySystem.c,154 :: 		PIR1 &= 0xFE;             // Clear Timer1 Overflow Interrupt flag
0x00FC	0x30FE      	MOVLW      254
0x00FD	0x058C      	ANDWF      PIR1, 1
;BicycleSafetySystem.c,155 :: 		}
L_interrupt19:
;BicycleSafetySystem.c,156 :: 		}
L_end_interrupt:
L__interrupt51:
0x00FE	0x0821      	MOVF       33, 0
0x00FF	0x00F0      	MOVWF      R0
0x0100	0x0861      	MOVF       ___savePCLATH, 0
0x0101	0x008A      	MOVWF      PCLATH
0x0102	0x0E58      	SWAPF      ___saveSTATUS, 0
0x0103	0x0083      	MOVWF      STATUS
0x0104	0x0EFF      	SWAPF      R15, 1
0x0105	0x0E7F      	SWAPF      R15, 0
0x0106	0x0009      	RETFIE
; end of _interrupt
_Div_32x32_U:
;__Lib_Math.c,1318 :: 		
;__Lib_Math.c,1327 :: 		
;__Lib_Math.c,1329 :: 		
0x0107	0x1283      	BCF        STATUS, 5
;__Lib_Math.c,1330 :: 		
0x0108	0x1303      	BCF        STATUS, 6
;__Lib_Math.c,1331 :: 		
0x0109	0x01FB      	CLRF       R11
;__Lib_Math.c,1332 :: 		
0x010A	0x01FA      	CLRF       R10
;__Lib_Math.c,1333 :: 		
0x010B	0x01F9      	CLRF       R9
;__Lib_Math.c,1334 :: 		
0x010C	0x01F8      	CLRF       R8
;__Lib_Math.c,1336 :: 		
0x010D	0x01A0      	CLRF       ___math_tempb
;__Lib_Math.c,1338 :: 		
0x010E	0x0D73      	RLF        R3, 0
;__Lib_Math.c,1339 :: 		
0x010F	0x0DF8      	RLF        R8, 1
;__Lib_Math.c,1340 :: 		
0x0110	0x0874      	MOVF       R4, 0
;__Lib_Math.c,1341 :: 		
0x0111	0x02F8      	SUBWF      R8, 1
;__Lib_Math.c,1342 :: 		
0x0112	0x0875      	MOVF       R5, 0
;__Lib_Math.c,1343 :: 		
0x0113	0x1C03      	BTFSS      STATUS, 0
;__Lib_Math.c,1344 :: 		
0x0114	0x0F75      	INCFSZ     R5, 0
;__Lib_Math.c,1345 :: 		
0x0115	0x02F9      	SUBWF      R9, 1
;__Lib_Math.c,1346 :: 		
0x0116	0x0876      	MOVF       R6, 0
;__Lib_Math.c,1347 :: 		
0x0117	0x1C03      	BTFSS      STATUS, 0
;__Lib_Math.c,1348 :: 		
0x0118	0x0F76      	INCFSZ     R6, 0
;__Lib_Math.c,1349 :: 		
0x0119	0x02FA      	SUBWF      R10, 1
;__Lib_Math.c,1350 :: 		
0x011A	0x0877      	MOVF       R7, 0
;__Lib_Math.c,1351 :: 		
0x011B	0x1C03      	BTFSS      STATUS, 0
;__Lib_Math.c,1352 :: 		
0x011C	0x0F77      	INCFSZ     R7, 0
;__Lib_Math.c,1353 :: 		
0x011D	0x02FB      	SUBWF      R11, 1
;__Lib_Math.c,1355 :: 		
0x011E	0x0100      	CLRW
;__Lib_Math.c,1356 :: 		
0x011F	0x1C03      	BTFSS      STATUS, 0
;__Lib_Math.c,1357 :: 		
0x0120	0x3001      	MOVLW      1
;__Lib_Math.c,1358 :: 		
0x0121	0x02A0      	SUBWF      ___math_tempb, 1
;__Lib_Math.c,1359 :: 		
0x0122	0x0DF3      	RLF        R3, 1
;__Lib_Math.c,1361 :: 		
0x0123	0x3007      	MOVLW      7
;__Lib_Math.c,1362 :: 		
0x0124	0x00FC      	MOVWF      R12
;__Lib_Math.c,1364 :: 		
LOOPU3232A:
;__Lib_Math.c,1365 :: 		
0x0125	0x0D73      	RLF        R3, 0
;__Lib_Math.c,1366 :: 		
0x0126	0x0DF8      	RLF        R8, 1
;__Lib_Math.c,1367 :: 		
0x0127	0x0DF9      	RLF        R9, 1
;__Lib_Math.c,1368 :: 		
0x0128	0x0DFA      	RLF        R10, 1
;__Lib_Math.c,1369 :: 		
0x0129	0x0DFB      	RLF        R11, 1
;__Lib_Math.c,1370 :: 		
0x012A	0x0DA0      	RLF        ___math_tempb, 1
;__Lib_Math.c,1371 :: 		
0x012B	0x0874      	MOVF       R4, 0
;__Lib_Math.c,1372 :: 		
0x012C	0x1C73      	BTFSS      R3, 0
;__Lib_Math.c,1373 :: 		
0x012D	0x2940      	GOTO       UADD22LA
;__Lib_Math.c,1375 :: 		
0x012E	0x02F8      	SUBWF      R8, 1
;__Lib_Math.c,1376 :: 		
0x012F	0x0875      	MOVF       R5, 0
;__Lib_Math.c,1377 :: 		
0x0130	0x1C03      	BTFSS      STATUS, 0
;__Lib_Math.c,1378 :: 		
0x0131	0x0F75      	INCFSZ     R5, 0
;__Lib_Math.c,1379 :: 		
0x0132	0x02F9      	SUBWF      R9, 1
;__Lib_Math.c,1380 :: 		
0x0133	0x0876      	MOVF       R6, 0
;__Lib_Math.c,1381 :: 		
0x0134	0x1C03      	BTFSS      STATUS, 0
;__Lib_Math.c,1382 :: 		
0x0135	0x0F76      	INCFSZ     R6, 0
;__Lib_Math.c,1383 :: 		
0x0136	0x02FA      	SUBWF      R10, 1
;__Lib_Math.c,1384 :: 		
0x0137	0x0877      	MOVF       R7, 0
;__Lib_Math.c,1385 :: 		
0x0138	0x1C03      	BTFSS      STATUS, 0
;__Lib_Math.c,1386 :: 		
0x0139	0x0F77      	INCFSZ     R7, 0
;__Lib_Math.c,1387 :: 		
0x013A	0x02FB      	SUBWF      R11, 1
;__Lib_Math.c,1388 :: 		
0x013B	0x0100      	CLRW
;__Lib_Math.c,1389 :: 		
0x013C	0x1C03      	BTFSS      STATUS, 0
;__Lib_Math.c,1390 :: 		
0x013D	0x3001      	MOVLW      1
;__Lib_Math.c,1391 :: 		
0x013E	0x02A0      	SUBWF      ___math_tempb, 1
;__Lib_Math.c,1392 :: 		
0x013F	0x2951      	GOTO       UOK22LA
;__Lib_Math.c,1394 :: 		
UADD22LA:
;__Lib_Math.c,1395 :: 		
0x0140	0x07F8      	ADDWF      R8, 1
;__Lib_Math.c,1396 :: 		
0x0141	0x0875      	MOVF       R5, 0
;__Lib_Math.c,1397 :: 		
0x0142	0x1803      	BTFSC      STATUS, 0
;__Lib_Math.c,1398 :: 		
0x0143	0x0F75      	INCFSZ     R5, 0
;__Lib_Math.c,1399 :: 		
0x0144	0x07F9      	ADDWF      R9, 1
;__Lib_Math.c,1400 :: 		
0x0145	0x0876      	MOVF       R6, 0
;__Lib_Math.c,1401 :: 		
0x0146	0x1803      	BTFSC      STATUS, 0
;__Lib_Math.c,1402 :: 		
0x0147	0x0F76      	INCFSZ     R6, 0
;__Lib_Math.c,1403 :: 		
0x0148	0x07FA      	ADDWF      R10, 1
;__Lib_Math.c,1404 :: 		
0x0149	0x0877      	MOVF       R7, 0
;__Lib_Math.c,1405 :: 		
0x014A	0x1803      	BTFSC      STATUS, 0
;__Lib_Math.c,1406 :: 		
0x014B	0x0F77      	INCFSZ     R7, 0
;__Lib_Math.c,1407 :: 		
0x014C	0x07FB      	ADDWF      R11, 1
;__Lib_Math.c,1408 :: 		
0x014D	0x0100      	CLRW
;__Lib_Math.c,1409 :: 		
0x014E	0x1803      	BTFSC      STATUS, 0
;__Lib_Math.c,1410 :: 		
0x014F	0x3001      	MOVLW      1
;__Lib_Math.c,1411 :: 		
0x0150	0x07A0      	ADDWF      ___math_tempb, 1
;__Lib_Math.c,1413 :: 		
UOK22LA:
;__Lib_Math.c,1414 :: 		
0x0151	0x0DF3      	RLF        R3, 1
;__Lib_Math.c,1416 :: 		
0x0152	0x0BFC      	DECFSZ     R12, 1
;__Lib_Math.c,1417 :: 		
0x0153	0x2925      	GOTO       LOOPU3232A
;__Lib_Math.c,1419 :: 		
0x0154	0x0D72      	RLF        R2, 0
;__Lib_Math.c,1420 :: 		
0x0155	0x0DF8      	RLF        R8, 1
;__Lib_Math.c,1421 :: 		
0x0156	0x0DF9      	RLF        R9, 1
;__Lib_Math.c,1422 :: 		
0x0157	0x0DFA      	RLF        R10, 1
;__Lib_Math.c,1423 :: 		
0x0158	0x0DFB      	RLF        R11, 1
;__Lib_Math.c,1424 :: 		
0x0159	0x0DA0      	RLF        ___math_tempb, 1
;__Lib_Math.c,1425 :: 		
0x015A	0x0874      	MOVF       R4, 0
;__Lib_Math.c,1426 :: 		
0x015B	0x1C73      	BTFSS      R3, 0
;__Lib_Math.c,1427 :: 		
0x015C	0x296F      	GOTO       UADD22L8
;__Lib_Math.c,1429 :: 		
0x015D	0x02F8      	SUBWF      R8, 1
;__Lib_Math.c,1430 :: 		
0x015E	0x0875      	MOVF       R5, 0
;__Lib_Math.c,1431 :: 		
0x015F	0x1C03      	BTFSS      STATUS, 0
;__Lib_Math.c,1432 :: 		
0x0160	0x0F75      	INCFSZ     R5, 0
;__Lib_Math.c,1433 :: 		
0x0161	0x02F9      	SUBWF      R9, 1
;__Lib_Math.c,1434 :: 		
0x0162	0x0876      	MOVF       R6, 0
;__Lib_Math.c,1435 :: 		
0x0163	0x1C03      	BTFSS      STATUS, 0
;__Lib_Math.c,1436 :: 		
0x0164	0x0F76      	INCFSZ     R6, 0
;__Lib_Math.c,1437 :: 		
0x0165	0x02FA      	SUBWF      R10, 1
;__Lib_Math.c,1438 :: 		
0x0166	0x0877      	MOVF       R7, 0
;__Lib_Math.c,1439 :: 		
0x0167	0x1C03      	BTFSS      STATUS, 0
;__Lib_Math.c,1440 :: 		
0x0168	0x0F77      	INCFSZ     R7, 0
;__Lib_Math.c,1441 :: 		
0x0169	0x02FB      	SUBWF      R11, 1
;__Lib_Math.c,1442 :: 		
0x016A	0x0100      	CLRW
;__Lib_Math.c,1443 :: 		
0x016B	0x1C03      	BTFSS      STATUS, 0
;__Lib_Math.c,1444 :: 		
0x016C	0x3001      	MOVLW      1
;__Lib_Math.c,1445 :: 		
0x016D	0x02A0      	SUBWF      ___math_tempb, 1
;__Lib_Math.c,1446 :: 		
0x016E	0x2980      	GOTO       UOK22L8
;__Lib_Math.c,1448 :: 		
UADD22L8:
;__Lib_Math.c,1449 :: 		
0x016F	0x07F8      	ADDWF      R8, 1
;__Lib_Math.c,1450 :: 		
0x0170	0x0875      	MOVF       R5, 0
;__Lib_Math.c,1451 :: 		
0x0171	0x1803      	BTFSC      STATUS, 0
;__Lib_Math.c,1452 :: 		
0x0172	0x0F75      	INCFSZ     R5, 0
;__Lib_Math.c,1453 :: 		
0x0173	0x07F9      	ADDWF      R9, 1
;__Lib_Math.c,1454 :: 		
0x0174	0x0876      	MOVF       R6, 0
;__Lib_Math.c,1455 :: 		
0x0175	0x1803      	BTFSC      STATUS, 0
;__Lib_Math.c,1456 :: 		
0x0176	0x0F76      	INCFSZ     R6, 0
;__Lib_Math.c,1457 :: 		
0x0177	0x07FA      	ADDWF      R10, 1
;__Lib_Math.c,1458 :: 		
0x0178	0x0877      	MOVF       R7, 0
;__Lib_Math.c,1459 :: 		
0x0179	0x1803      	BTFSC      STATUS, 0
;__Lib_Math.c,1460 :: 		
0x017A	0x0F77      	INCFSZ     R7, 0
;__Lib_Math.c,1461 :: 		
0x017B	0x07FB      	ADDWF      R11, 1
;__Lib_Math.c,1462 :: 		
0x017C	0x0100      	CLRW
;__Lib_Math.c,1463 :: 		
0x017D	0x1803      	BTFSC      STATUS, 0
;__Lib_Math.c,1464 :: 		
0x017E	0x3001      	MOVLW      1
;__Lib_Math.c,1465 :: 		
0x017F	0x07A0      	ADDWF      ___math_tempb, 1
;__Lib_Math.c,1467 :: 		
UOK22L8:
;__Lib_Math.c,1468 :: 		
0x0180	0x0DF2      	RLF        R2, 1
;__Lib_Math.c,1470 :: 		
0x0181	0x3007      	MOVLW      7
;__Lib_Math.c,1471 :: 		
0x0182	0x00FC      	MOVWF      R12
;__Lib_Math.c,1473 :: 		
LOOPU3232B:
;__Lib_Math.c,1474 :: 		
0x0183	0x0D72      	RLF        R2, 0
;__Lib_Math.c,1475 :: 		
0x0184	0x0DF8      	RLF        R8, 1
;__Lib_Math.c,1476 :: 		
0x0185	0x0DF9      	RLF        R9, 1
;__Lib_Math.c,1477 :: 		
0x0186	0x0DFA      	RLF        R10, 1
;__Lib_Math.c,1478 :: 		
0x0187	0x0DFB      	RLF        R11, 1
;__Lib_Math.c,1479 :: 		
0x0188	0x0DA0      	RLF        ___math_tempb, 1
;__Lib_Math.c,1480 :: 		
0x0189	0x0874      	MOVF       R4, 0
;__Lib_Math.c,1481 :: 		
0x018A	0x1C72      	BTFSS      R2, 0
;__Lib_Math.c,1482 :: 		
0x018B	0x299E      	GOTO       UADD22LB
;__Lib_Math.c,1484 :: 		
0x018C	0x02F8      	SUBWF      R8, 1
;__Lib_Math.c,1485 :: 		
0x018D	0x0875      	MOVF       R5, 0
;__Lib_Math.c,1486 :: 		
0x018E	0x1C03      	BTFSS      STATUS, 0
;__Lib_Math.c,1487 :: 		
0x018F	0x0F75      	INCFSZ     R5, 0
;__Lib_Math.c,1488 :: 		
0x0190	0x02F9      	SUBWF      R9, 1
;__Lib_Math.c,1489 :: 		
0x0191	0x0876      	MOVF       R6, 0
;__Lib_Math.c,1490 :: 		
0x0192	0x1C03      	BTFSS      STATUS, 0
;__Lib_Math.c,1491 :: 		
0x0193	0x0F76      	INCFSZ     R6, 0
;__Lib_Math.c,1492 :: 		
0x0194	0x02FA      	SUBWF      R10, 1
;__Lib_Math.c,1493 :: 		
0x0195	0x0877      	MOVF       R7, 0
;__Lib_Math.c,1494 :: 		
0x0196	0x1C03      	BTFSS      STATUS, 0
;__Lib_Math.c,1495 :: 		
0x0197	0x0F77      	INCFSZ     R7, 0
;__Lib_Math.c,1496 :: 		
0x0198	0x02FB      	SUBWF      R11, 1
;__Lib_Math.c,1497 :: 		
0x0199	0x0100      	CLRW
;__Lib_Math.c,1498 :: 		
0x019A	0x1C03      	BTFSS      STATUS, 0
;__Lib_Math.c,1499 :: 		
0x019B	0x3001      	MOVLW      1
;__Lib_Math.c,1500 :: 		
0x019C	0x02A0      	SUBWF      ___math_tempb, 1
;__Lib_Math.c,1501 :: 		
0x019D	0x29AF      	GOTO       UOK22LB
;__Lib_Math.c,1503 :: 		
UADD22LB:
;__Lib_Math.c,1504 :: 		
0x019E	0x07F8      	ADDWF      R8, 1
;__Lib_Math.c,1505 :: 		
0x019F	0x0875      	MOVF       R5, 0
;__Lib_Math.c,1506 :: 		
0x01A0	0x1803      	BTFSC      STATUS, 0
;__Lib_Math.c,1507 :: 		
0x01A1	0x0F75      	INCFSZ     R5, 0
;__Lib_Math.c,1508 :: 		
0x01A2	0x07F9      	ADDWF      R9, 1
;__Lib_Math.c,1509 :: 		
0x01A3	0x0876      	MOVF       R6, 0
;__Lib_Math.c,1510 :: 		
0x01A4	0x1803      	BTFSC      STATUS, 0
;__Lib_Math.c,1511 :: 		
0x01A5	0x0F76      	INCFSZ     R6, 0
;__Lib_Math.c,1512 :: 		
0x01A6	0x07FA      	ADDWF      R10, 1
;__Lib_Math.c,1513 :: 		
0x01A7	0x0877      	MOVF       R7, 0
;__Lib_Math.c,1514 :: 		
0x01A8	0x1803      	BTFSC      STATUS, 0
;__Lib_Math.c,1515 :: 		
0x01A9	0x0F77      	INCFSZ     R7, 0
;__Lib_Math.c,1516 :: 		
0x01AA	0x07FB      	ADDWF      R11, 1
;__Lib_Math.c,1517 :: 		
0x01AB	0x0100      	CLRW
;__Lib_Math.c,1518 :: 		
0x01AC	0x1803      	BTFSC      STATUS, 0
;__Lib_Math.c,1519 :: 		
0x01AD	0x3001      	MOVLW      1
;__Lib_Math.c,1520 :: 		
0x01AE	0x07A0      	ADDWF      ___math_tempb, 1
;__Lib_Math.c,1522 :: 		
UOK22LB:
;__Lib_Math.c,1523 :: 		
0x01AF	0x0DF2      	RLF        R2, 1
;__Lib_Math.c,1525 :: 		
0x01B0	0x0BFC      	DECFSZ     R12, 1
;__Lib_Math.c,1526 :: 		
0x01B1	0x2983      	GOTO       LOOPU3232B
;__Lib_Math.c,1528 :: 		
0x01B2	0x0D71      	RLF        R1, 0
;__Lib_Math.c,1529 :: 		
0x01B3	0x0DF8      	RLF        R8, 1
;__Lib_Math.c,1530 :: 		
0x01B4	0x0DF9      	RLF        R9, 1
;__Lib_Math.c,1531 :: 		
0x01B5	0x0DFA      	RLF        R10, 1
;__Lib_Math.c,1532 :: 		
0x01B6	0x0DFB      	RLF        R11, 1
;__Lib_Math.c,1533 :: 		
0x01B7	0x0DA0      	RLF        ___math_tempb, 1
;__Lib_Math.c,1534 :: 		
0x01B8	0x0874      	MOVF       R4, 0
;__Lib_Math.c,1535 :: 		
0x01B9	0x1C72      	BTFSS      R2, 0
;__Lib_Math.c,1536 :: 		
0x01BA	0x29CD      	GOTO       UADD22L16
;__Lib_Math.c,1538 :: 		
0x01BB	0x02F8      	SUBWF      R8, 1
;__Lib_Math.c,1539 :: 		
0x01BC	0x0875      	MOVF       R5, 0
;__Lib_Math.c,1540 :: 		
0x01BD	0x1C03      	BTFSS      STATUS, 0
;__Lib_Math.c,1541 :: 		
0x01BE	0x0F75      	INCFSZ     R5, 0
;__Lib_Math.c,1542 :: 		
0x01BF	0x02F9      	SUBWF      R9, 1
;__Lib_Math.c,1543 :: 		
0x01C0	0x0876      	MOVF       R6, 0
;__Lib_Math.c,1544 :: 		
0x01C1	0x1C03      	BTFSS      STATUS, 0
;__Lib_Math.c,1545 :: 		
0x01C2	0x0F76      	INCFSZ     R6, 0
;__Lib_Math.c,1546 :: 		
0x01C3	0x02FA      	SUBWF      R10, 1
;__Lib_Math.c,1547 :: 		
0x01C4	0x0877      	MOVF       R7, 0
;__Lib_Math.c,1548 :: 		
0x01C5	0x1C03      	BTFSS      STATUS, 0
;__Lib_Math.c,1549 :: 		
0x01C6	0x0F77      	INCFSZ     R7, 0
;__Lib_Math.c,1550 :: 		
0x01C7	0x02FB      	SUBWF      R11, 1
;__Lib_Math.c,1551 :: 		
0x01C8	0x0100      	CLRW
;__Lib_Math.c,1552 :: 		
0x01C9	0x1C03      	BTFSS      STATUS, 0
;__Lib_Math.c,1553 :: 		
0x01CA	0x3001      	MOVLW      1
;__Lib_Math.c,1554 :: 		
0x01CB	0x02A0      	SUBWF      ___math_tempb, 1
;__Lib_Math.c,1555 :: 		
0x01CC	0x29DE      	GOTO       UOK22L16
;__Lib_Math.c,1557 :: 		
UADD22L16:
;__Lib_Math.c,1558 :: 		
0x01CD	0x07F8      	ADDWF      R8, 1
;__Lib_Math.c,1559 :: 		
0x01CE	0x0875      	MOVF       R5, 0
;__Lib_Math.c,1560 :: 		
0x01CF	0x1803      	BTFSC      STATUS, 0
;__Lib_Math.c,1561 :: 		
0x01D0	0x0F75      	INCFSZ     R5, 0
;__Lib_Math.c,1562 :: 		
0x01D1	0x07F9      	ADDWF      R9, 1
;__Lib_Math.c,1563 :: 		
0x01D2	0x0876      	MOVF       R6, 0
;__Lib_Math.c,1564 :: 		
0x01D3	0x1803      	BTFSC      STATUS, 0
;__Lib_Math.c,1565 :: 		
0x01D4	0x0F76      	INCFSZ     R6, 0
;__Lib_Math.c,1566 :: 		
0x01D5	0x07FA      	ADDWF      R10, 1
;__Lib_Math.c,1567 :: 		
0x01D6	0x0877      	MOVF       R7, 0
;__Lib_Math.c,1568 :: 		
0x01D7	0x1803      	BTFSC      STATUS, 0
;__Lib_Math.c,1569 :: 		
0x01D8	0x0F77      	INCFSZ     R7, 0
;__Lib_Math.c,1570 :: 		
0x01D9	0x07FB      	ADDWF      R11, 1
;__Lib_Math.c,1571 :: 		
0x01DA	0x0100      	CLRW
;__Lib_Math.c,1572 :: 		
0x01DB	0x1803      	BTFSC      STATUS, 0
;__Lib_Math.c,1573 :: 		
0x01DC	0x3001      	MOVLW      1
;__Lib_Math.c,1574 :: 		
0x01DD	0x07A0      	ADDWF      ___math_tempb, 1
;__Lib_Math.c,1576 :: 		
UOK22L16:
;__Lib_Math.c,1577 :: 		
0x01DE	0x0DF1      	RLF        R1, 1
;__Lib_Math.c,1579 :: 		
0x01DF	0x3007      	MOVLW      7
;__Lib_Math.c,1580 :: 		
0x01E0	0x00FC      	MOVWF      R12
;__Lib_Math.c,1582 :: 		
LOOPU3232C:
;__Lib_Math.c,1583 :: 		
0x01E1	0x0D71      	RLF        R1, 0
;__Lib_Math.c,1584 :: 		
0x01E2	0x0DF8      	RLF        R8, 1
;__Lib_Math.c,1585 :: 		
0x01E3	0x0DF9      	RLF        R9, 1
;__Lib_Math.c,1586 :: 		
0x01E4	0x0DFA      	RLF        R10, 1
;__Lib_Math.c,1587 :: 		
0x01E5	0x0DFB      	RLF        R11, 1
;__Lib_Math.c,1588 :: 		
0x01E6	0x0DA0      	RLF        ___math_tempb, 1
;__Lib_Math.c,1589 :: 		
0x01E7	0x0874      	MOVF       R4, 0
;__Lib_Math.c,1590 :: 		
0x01E8	0x1C71      	BTFSS      R1, 0
;__Lib_Math.c,1591 :: 		
0x01E9	0x29FC      	GOTO       UADD22LC
;__Lib_Math.c,1593 :: 		
0x01EA	0x02F8      	SUBWF      R8, 1
;__Lib_Math.c,1594 :: 		
0x01EB	0x0875      	MOVF       R5, 0
;__Lib_Math.c,1595 :: 		
0x01EC	0x1C03      	BTFSS      STATUS, 0
;__Lib_Math.c,1596 :: 		
0x01ED	0x0F75      	INCFSZ     R5, 0
;__Lib_Math.c,1597 :: 		
0x01EE	0x02F9      	SUBWF      R9, 1
;__Lib_Math.c,1598 :: 		
0x01EF	0x0876      	MOVF       R6, 0
;__Lib_Math.c,1599 :: 		
0x01F0	0x1C03      	BTFSS      STATUS, 0
;__Lib_Math.c,1600 :: 		
0x01F1	0x0F76      	INCFSZ     R6, 0
;__Lib_Math.c,1601 :: 		
0x01F2	0x02FA      	SUBWF      R10, 1
;__Lib_Math.c,1602 :: 		
0x01F3	0x0877      	MOVF       R7, 0
;__Lib_Math.c,1603 :: 		
0x01F4	0x1C03      	BTFSS      STATUS, 0
;__Lib_Math.c,1604 :: 		
0x01F5	0x0F77      	INCFSZ     R7, 0
;__Lib_Math.c,1605 :: 		
0x01F6	0x02FB      	SUBWF      R11, 1
;__Lib_Math.c,1606 :: 		
0x01F7	0x0100      	CLRW
;__Lib_Math.c,1607 :: 		
0x01F8	0x1C03      	BTFSS      STATUS, 0
;__Lib_Math.c,1608 :: 		
0x01F9	0x3001      	MOVLW      1
;__Lib_Math.c,1609 :: 		
0x01FA	0x02A0      	SUBWF      ___math_tempb, 1
;__Lib_Math.c,1610 :: 		
0x01FB	0x2A0D      	GOTO       UOK22LC
;__Lib_Math.c,1612 :: 		
UADD22LC:
;__Lib_Math.c,1613 :: 		
0x01FC	0x07F8      	ADDWF      R8, 1
;__Lib_Math.c,1614 :: 		
0x01FD	0x0875      	MOVF       R5, 0
;__Lib_Math.c,1615 :: 		
0x01FE	0x1803      	BTFSC      STATUS, 0
;__Lib_Math.c,1616 :: 		
0x01FF	0x0F75      	INCFSZ     R5, 0
;__Lib_Math.c,1617 :: 		
0x0200	0x07F9      	ADDWF      R9, 1
;__Lib_Math.c,1618 :: 		
0x0201	0x0876      	MOVF       R6, 0
;__Lib_Math.c,1619 :: 		
0x0202	0x1803      	BTFSC      STATUS, 0
;__Lib_Math.c,1620 :: 		
0x0203	0x0F76      	INCFSZ     R6, 0
;__Lib_Math.c,1621 :: 		
0x0204	0x07FA      	ADDWF      R10, 1
;__Lib_Math.c,1622 :: 		
0x0205	0x0877      	MOVF       R7, 0
;__Lib_Math.c,1623 :: 		
0x0206	0x1803      	BTFSC      STATUS, 0
;__Lib_Math.c,1624 :: 		
0x0207	0x0F77      	INCFSZ     R7, 0
;__Lib_Math.c,1625 :: 		
0x0208	0x07FB      	ADDWF      R11, 1
;__Lib_Math.c,1626 :: 		
0x0209	0x0100      	CLRW
;__Lib_Math.c,1627 :: 		
0x020A	0x1803      	BTFSC      STATUS, 0
;__Lib_Math.c,1628 :: 		
0x020B	0x3001      	MOVLW      1
;__Lib_Math.c,1629 :: 		
0x020C	0x07A0      	ADDWF      ___math_tempb, 1
;__Lib_Math.c,1631 :: 		
UOK22LC:
;__Lib_Math.c,1632 :: 		
0x020D	0x0DF1      	RLF        R1, 1
;__Lib_Math.c,1634 :: 		
0x020E	0x0BFC      	DECFSZ     R12, 1
;__Lib_Math.c,1635 :: 		
0x020F	0x29E1      	GOTO       LOOPU3232C
;__Lib_Math.c,1637 :: 		
0x0210	0x0D70      	RLF        R0, 0
;__Lib_Math.c,1638 :: 		
0x0211	0x0DF8      	RLF        R8, 1
;__Lib_Math.c,1639 :: 		
0x0212	0x0DF9      	RLF        R9, 1
;__Lib_Math.c,1640 :: 		
0x0213	0x0DFA      	RLF        R10, 1
;__Lib_Math.c,1641 :: 		
0x0214	0x0DFB      	RLF        R11, 1
;__Lib_Math.c,1642 :: 		
0x0215	0x0DA0      	RLF        ___math_tempb, 1
;__Lib_Math.c,1643 :: 		
0x0216	0x0874      	MOVF       R4, 0
;__Lib_Math.c,1644 :: 		
0x0217	0x1C71      	BTFSS      R1, 0
;__Lib_Math.c,1645 :: 		
0x0218	0x2A2B      	GOTO       UADD22L24
;__Lib_Math.c,1647 :: 		
0x0219	0x02F8      	SUBWF      R8, 1
;__Lib_Math.c,1648 :: 		
0x021A	0x0875      	MOVF       R5, 0
;__Lib_Math.c,1649 :: 		
0x021B	0x1C03      	BTFSS      STATUS, 0
;__Lib_Math.c,1650 :: 		
0x021C	0x0F75      	INCFSZ     R5, 0
;__Lib_Math.c,1651 :: 		
0x021D	0x02F9      	SUBWF      R9, 1
;__Lib_Math.c,1652 :: 		
0x021E	0x0876      	MOVF       R6, 0
;__Lib_Math.c,1653 :: 		
0x021F	0x1C03      	BTFSS      STATUS, 0
;__Lib_Math.c,1654 :: 		
0x0220	0x0F76      	INCFSZ     R6, 0
;__Lib_Math.c,1655 :: 		
0x0221	0x02FA      	SUBWF      R10, 1
;__Lib_Math.c,1656 :: 		
0x0222	0x0877      	MOVF       R7, 0
;__Lib_Math.c,1657 :: 		
0x0223	0x1C03      	BTFSS      STATUS, 0
;__Lib_Math.c,1658 :: 		
0x0224	0x0F77      	INCFSZ     R7, 0
;__Lib_Math.c,1659 :: 		
0x0225	0x02FB      	SUBWF      R11, 1
;__Lib_Math.c,1660 :: 		
0x0226	0x0100      	CLRW
;__Lib_Math.c,1661 :: 		
0x0227	0x1C03      	BTFSS      STATUS, 0
;__Lib_Math.c,1662 :: 		
0x0228	0x3001      	MOVLW      1
;__Lib_Math.c,1663 :: 		
0x0229	0x02A0      	SUBWF      ___math_tempb, 1
;__Lib_Math.c,1664 :: 		
0x022A	0x2A3C      	GOTO       UOK22L24
;__Lib_Math.c,1666 :: 		
UADD22L24:
;__Lib_Math.c,1667 :: 		
0x022B	0x07F8      	ADDWF      R8, 1
;__Lib_Math.c,1668 :: 		
0x022C	0x0875      	MOVF       R5, 0
;__Lib_Math.c,1669 :: 		
0x022D	0x1803      	BTFSC      STATUS, 0
;__Lib_Math.c,1670 :: 		
0x022E	0x0F75      	INCFSZ     R5, 0
;__Lib_Math.c,1671 :: 		
0x022F	0x07F9      	ADDWF      R9, 1
;__Lib_Math.c,1672 :: 		
0x0230	0x0876      	MOVF       R6, 0
;__Lib_Math.c,1673 :: 		
0x0231	0x1803      	BTFSC      STATUS, 0
;__Lib_Math.c,1674 :: 		
0x0232	0x0F76      	INCFSZ     R6, 0
;__Lib_Math.c,1675 :: 		
0x0233	0x07FA      	ADDWF      R10, 1
;__Lib_Math.c,1676 :: 		
0x0234	0x0877      	MOVF       R7, 0
;__Lib_Math.c,1677 :: 		
0x0235	0x1803      	BTFSC      STATUS, 0
;__Lib_Math.c,1678 :: 		
0x0236	0x0F77      	INCFSZ     R7, 0
;__Lib_Math.c,1679 :: 		
0x0237	0x07FB      	ADDWF      R11, 1
;__Lib_Math.c,1680 :: 		
0x0238	0x0100      	CLRW
;__Lib_Math.c,1681 :: 		
0x0239	0x1803      	BTFSC      STATUS, 0
;__Lib_Math.c,1682 :: 		
0x023A	0x3001      	MOVLW      1
;__Lib_Math.c,1683 :: 		
0x023B	0x07A0      	ADDWF      ___math_tempb, 1
;__Lib_Math.c,1685 :: 		
UOK22L24:
;__Lib_Math.c,1686 :: 		
0x023C	0x0DF0      	RLF        R0, 1
;__Lib_Math.c,1688 :: 		
0x023D	0x3007      	MOVLW      7
;__Lib_Math.c,1689 :: 		
0x023E	0x00FC      	MOVWF      R12
;__Lib_Math.c,1691 :: 		
LOOPU3232D:
;__Lib_Math.c,1692 :: 		
0x023F	0x0D70      	RLF        R0, 0
;__Lib_Math.c,1693 :: 		
0x0240	0x0DF8      	RLF        R8, 1
;__Lib_Math.c,1694 :: 		
0x0241	0x0DF9      	RLF        R9, 1
;__Lib_Math.c,1695 :: 		
0x0242	0x0DFA      	RLF        R10, 1
;__Lib_Math.c,1696 :: 		
0x0243	0x0DFB      	RLF        R11, 1
;__Lib_Math.c,1697 :: 		
0x0244	0x0DA0      	RLF        ___math_tempb, 1
;__Lib_Math.c,1698 :: 		
0x0245	0x0874      	MOVF       R4, 0
;__Lib_Math.c,1699 :: 		
0x0246	0x1C70      	BTFSS      R0, 0
;__Lib_Math.c,1700 :: 		
0x0247	0x2A5A      	GOTO       UADD22LD
;__Lib_Math.c,1702 :: 		
0x0248	0x02F8      	SUBWF      R8, 1
;__Lib_Math.c,1703 :: 		
0x0249	0x0875      	MOVF       R5, 0
;__Lib_Math.c,1704 :: 		
0x024A	0x1C03      	BTFSS      STATUS, 0
;__Lib_Math.c,1705 :: 		
0x024B	0x0F75      	INCFSZ     R5, 0
;__Lib_Math.c,1706 :: 		
0x024C	0x02F9      	SUBWF      R9, 1
;__Lib_Math.c,1707 :: 		
0x024D	0x0876      	MOVF       R6, 0
;__Lib_Math.c,1708 :: 		
0x024E	0x1C03      	BTFSS      STATUS, 0
;__Lib_Math.c,1709 :: 		
0x024F	0x0F76      	INCFSZ     R6, 0
;__Lib_Math.c,1710 :: 		
0x0250	0x02FA      	SUBWF      R10, 1
;__Lib_Math.c,1711 :: 		
0x0251	0x0877      	MOVF       R7, 0
;__Lib_Math.c,1712 :: 		
0x0252	0x1C03      	BTFSS      STATUS, 0
;__Lib_Math.c,1713 :: 		
0x0253	0x0F77      	INCFSZ     R7, 0
;__Lib_Math.c,1714 :: 		
0x0254	0x02FB      	SUBWF      R11, 1
;__Lib_Math.c,1715 :: 		
0x0255	0x0100      	CLRW
;__Lib_Math.c,1716 :: 		
0x0256	0x1C03      	BTFSS      STATUS, 0
;__Lib_Math.c,1717 :: 		
0x0257	0x3001      	MOVLW      1
;__Lib_Math.c,1718 :: 		
0x0258	0x02A0      	SUBWF      ___math_tempb, 1
;__Lib_Math.c,1719 :: 		
0x0259	0x2A6B      	GOTO       UOK22LD
;__Lib_Math.c,1721 :: 		
UADD22LD:
;__Lib_Math.c,1722 :: 		
0x025A	0x07F8      	ADDWF      R8, 1
;__Lib_Math.c,1723 :: 		
0x025B	0x0875      	MOVF       R5, 0
;__Lib_Math.c,1724 :: 		
0x025C	0x1803      	BTFSC      STATUS, 0
;__Lib_Math.c,1725 :: 		
0x025D	0x0F75      	INCFSZ     R5, 0
;__Lib_Math.c,1726 :: 		
0x025E	0x07F9      	ADDWF      R9, 1
;__Lib_Math.c,1727 :: 		
0x025F	0x0876      	MOVF       R6, 0
;__Lib_Math.c,1728 :: 		
0x0260	0x1803      	BTFSC      STATUS, 0
;__Lib_Math.c,1729 :: 		
0x0261	0x0F76      	INCFSZ     R6, 0
;__Lib_Math.c,1730 :: 		
0x0262	0x07FA      	ADDWF      R10, 1
;__Lib_Math.c,1731 :: 		
0x0263	0x0877      	MOVF       R7, 0
;__Lib_Math.c,1732 :: 		
0x0264	0x1803      	BTFSC      STATUS, 0
;__Lib_Math.c,1733 :: 		
0x0265	0x0F77      	INCFSZ     R7, 0
;__Lib_Math.c,1734 :: 		
0x0266	0x07FB      	ADDWF      R11, 1
;__Lib_Math.c,1735 :: 		
0x0267	0x0100      	CLRW
;__Lib_Math.c,1736 :: 		
0x0268	0x1803      	BTFSC      STATUS, 0
;__Lib_Math.c,1737 :: 		
0x0269	0x3001      	MOVLW      1
;__Lib_Math.c,1738 :: 		
0x026A	0x07A0      	ADDWF      ___math_tempb, 1
;__Lib_Math.c,1740 :: 		
UOK22LD:
;__Lib_Math.c,1741 :: 		
0x026B	0x0DF0      	RLF        R0, 1
;__Lib_Math.c,1743 :: 		
0x026C	0x0BFC      	DECFSZ     R12, 1
;__Lib_Math.c,1744 :: 		
0x026D	0x2A3F      	GOTO       LOOPU3232D
;__Lib_Math.c,1746 :: 		
0x026E	0x1870      	BTFSC      R0, 0
;__Lib_Math.c,1747 :: 		
0x026F	0x2A7E      	GOTO       UOK22L
;__Lib_Math.c,1748 :: 		
0x0270	0x0874      	MOVF       R4, 0
;__Lib_Math.c,1749 :: 		
0x0271	0x07F8      	ADDWF      R8, 1
;__Lib_Math.c,1750 :: 		
0x0272	0x0875      	MOVF       R5, 0
;__Lib_Math.c,1751 :: 		
0x0273	0x1803      	BTFSC      STATUS, 0
;__Lib_Math.c,1752 :: 		
0x0274	0x0F75      	INCFSZ     R5, 0
;__Lib_Math.c,1753 :: 		
0x0275	0x07F9      	ADDWF      R9, 1
;__Lib_Math.c,1754 :: 		
0x0276	0x0876      	MOVF       R6, 0
;__Lib_Math.c,1755 :: 		
0x0277	0x1803      	BTFSC      STATUS, 0
;__Lib_Math.c,1756 :: 		
0x0278	0x0F76      	INCFSZ     R6, 0
;__Lib_Math.c,1757 :: 		
0x0279	0x07FA      	ADDWF      R10, 1
;__Lib_Math.c,1758 :: 		
0x027A	0x0877      	MOVF       R7, 0
;__Lib_Math.c,1759 :: 		
0x027B	0x1803      	BTFSC      STATUS, 0
;__Lib_Math.c,1760 :: 		
0x027C	0x0F77      	INCFSZ     R7, 0
;__Lib_Math.c,1761 :: 		
0x027D	0x07FB      	ADDWF      R11, 1
;__Lib_Math.c,1763 :: 		
UOK22L:
;__Lib_Math.c,1766 :: 		
L_end_Div_32x32_U:
0x027E	0x0008      	RETURN
; end of _Div_32x32_U
_usDelay:
;BicycleSafetySystem.c,285 :: 		void usDelay(unsigned int usCnt) {
;BicycleSafetySystem.c,287 :: 		for (us = 0; us < usCnt; us++) {
0x027F	0x1283      	BCF        STATUS, 5
0x0280	0x1303      	BCF        STATUS, 6
0x0281	0x01F1      	CLRF       R1
0x0282	0x01F2      	CLRF       R1+1
L_usDelay40:
0x0283	0x0863      	MOVF       FARG_usDelay_usCnt+1, 0
0x0284	0x0272      	SUBWF      R1+1, 0
0x0285	0x1D03      	BTFSS      STATUS, 2
0x0286	0x2A89      	GOTO       L__usDelay66
0x0287	0x0862      	MOVF       FARG_usDelay_usCnt, 0
0x0288	0x0271      	SUBWF      R1, 0
L__usDelay66:
0x0289	0x1803      	BTFSC      STATUS, 0
0x028A	0x2A91      	GOTO       L_usDelay41
;BicycleSafetySystem.c,288 :: 		asm NOP; // 0.5 uS
0x028B	0x0000      	NOP
;BicycleSafetySystem.c,289 :: 		asm NOP; // 0.5 uS
0x028C	0x0000      	NOP
;BicycleSafetySystem.c,287 :: 		for (us = 0; us < usCnt; us++) {
0x028D	0x0AF1      	INCF       R1, 1
0x028E	0x1903      	BTFSC      STATUS, 2
0x028F	0x0AF2      	INCF       R1+1, 1
;BicycleSafetySystem.c,290 :: 		}
0x0290	0x2A83      	GOTO       L_usDelay40
L_usDelay41:
;BicycleSafetySystem.c,291 :: 		}
L_end_usDelay:
0x0291	0x0008      	RETURN
; end of _usDelay
_Mul_32x32_U:
;__Lib_Math.c,1775 :: 		
;__Lib_Math.c,1790 :: 		
0x0292	0x1283      	BCF        STATUS, 5
;__Lib_Math.c,1791 :: 		
0x0293	0x1303      	BCF        STATUS, 6
;__Lib_Math.c,1792 :: 		
0x0294	0x3022      	MOVLW      34
;__Lib_Math.c,1793 :: 		
0x0295	0x00FC      	MOVWF      R12
;__Lib_Math.c,1794 :: 		
0x0296	0x01F8      	CLRF       R8
;__Lib_Math.c,1795 :: 		
0x0297	0x01F9      	CLRF       R9
;__Lib_Math.c,1796 :: 		
0x0298	0x01FA      	CLRF       R10
;__Lib_Math.c,1797 :: 		
0x0299	0x01FB      	CLRF       R11
;__Lib_Math.c,1799 :: 		
_NEXT:
;__Lib_Math.c,1803 :: 		
0x029A	0x03FC      	DECF       R12, 1
;__Lib_Math.c,1804 :: 		
0x029B	0x1903      	BTFSC      STATUS, 2
;__Lib_Math.c,1805 :: 		
0x029C	0x2AC8      	GOTO       _EXIT2
;__Lib_Math.c,1806 :: 		
0x029D	0x1003      	BCF        STATUS, 0
;__Lib_Math.c,1808 :: 		
_LOOP:
;__Lib_Math.c,1817 :: 		
0x029E	0x0CFB      	RRF        R11, 1
;__Lib_Math.c,1818 :: 		
0x029F	0x0CFA      	RRF        R10, 1
;__Lib_Math.c,1819 :: 		
0x02A0	0x0CF9      	RRF        R9, 1
;__Lib_Math.c,1820 :: 		
0x02A1	0x0CF8      	RRF        R8, 1
;__Lib_Math.c,1821 :: 		
0x02A2	0x0CF3      	RRF        R3, 1
;__Lib_Math.c,1822 :: 		
0x02A3	0x0CF2      	RRF        R2, 1
;__Lib_Math.c,1823 :: 		
0x02A4	0x0CF1      	RRF        R1, 1
;__Lib_Math.c,1824 :: 		
0x02A5	0x0CF0      	RRF        R0, 1
;__Lib_Math.c,1829 :: 		
0x02A6	0x1C03      	BTFSS      STATUS, 0
;__Lib_Math.c,1830 :: 		
0x02A7	0x2A9A      	GOTO       _NEXT
;__Lib_Math.c,1831 :: 		
0x02A8	0x03FC      	DECF       R12, 1
;__Lib_Math.c,1832 :: 		
0x02A9	0x1903      	BTFSC      STATUS, 2
;__Lib_Math.c,1833 :: 		
0x02AA	0x2ABA      	GOTO       _EXIT1
;__Lib_Math.c,1840 :: 		
0x02AB	0x0874      	MOVF       R4, 0
;__Lib_Math.c,1841 :: 		
0x02AC	0x07F8      	ADDWF      R8, 1
;__Lib_Math.c,1842 :: 		
0x02AD	0x0875      	MOVF       R5, 0
;__Lib_Math.c,1843 :: 		
0x02AE	0x1803      	BTFSC      STATUS, 0
;__Lib_Math.c,1844 :: 		
0x02AF	0x0F75      	INCFSZ     R5, 0
;__Lib_Math.c,1845 :: 		
0x02B0	0x07F9      	ADDWF      R9, 1
;__Lib_Math.c,1846 :: 		
0x02B1	0x0876      	MOVF       R6, 0
;__Lib_Math.c,1847 :: 		
0x02B2	0x1803      	BTFSC      STATUS, 0
;__Lib_Math.c,1848 :: 		
0x02B3	0x0F76      	INCFSZ     R6, 0
;__Lib_Math.c,1849 :: 		
0x02B4	0x07FA      	ADDWF      R10, 1
;__Lib_Math.c,1850 :: 		
0x02B5	0x0877      	MOVF       R7, 0
;__Lib_Math.c,1851 :: 		
0x02B6	0x1803      	BTFSC      STATUS, 0
;__Lib_Math.c,1852 :: 		
0x02B7	0x0F77      	INCFSZ     R7, 0
;__Lib_Math.c,1853 :: 		
0x02B8	0x07FB      	ADDWF      R11, 1
;__Lib_Math.c,1855 :: 		
0x02B9	0x2A9E      	GOTO       _LOOP
;__Lib_Math.c,1857 :: 		
_EXIT1:
;__Lib_Math.c,1862 :: 		
0x02BA	0x0874      	MOVF       R4, 0
;__Lib_Math.c,1863 :: 		
0x02BB	0x07F8      	ADDWF      R8, 1
;__Lib_Math.c,1864 :: 		
0x02BC	0x0875      	MOVF       R5, 0
;__Lib_Math.c,1865 :: 		
0x02BD	0x1803      	BTFSC      STATUS, 0
;__Lib_Math.c,1866 :: 		
0x02BE	0x0F75      	INCFSZ     R5, 0
;__Lib_Math.c,1867 :: 		
0x02BF	0x07F9      	ADDWF      R9, 1
;__Lib_Math.c,1868 :: 		
0x02C0	0x0876      	MOVF       R6, 0
;__Lib_Math.c,1869 :: 		
0x02C1	0x1803      	BTFSC      STATUS, 0
;__Lib_Math.c,1870 :: 		
0x02C2	0x0F76      	INCFSZ     R6, 0
;__Lib_Math.c,1871 :: 		
0x02C3	0x07FA      	ADDWF      R10, 1
;__Lib_Math.c,1872 :: 		
0x02C4	0x0877      	MOVF       R7, 0
;__Lib_Math.c,1873 :: 		
0x02C5	0x1803      	BTFSC      STATUS, 0
;__Lib_Math.c,1874 :: 		
0x02C6	0x0F77      	INCFSZ     R7, 0
;__Lib_Math.c,1875 :: 		
0x02C7	0x07FB      	ADDWF      R11, 1
;__Lib_Math.c,1878 :: 		
_EXIT2:
;__Lib_Math.c,1880 :: 		
L_end_Mul_32x32_U:
0x02C8	0x0008      	RETURN
; end of _Mul_32x32_U
_ATD_read0:
;BicycleSafetySystem.c,203 :: 		unsigned int ATD_read0(void) {
;BicycleSafetySystem.c,204 :: 		ADCON0 &= 0xC7;            // Select channel 0
0x02C9	0x30C7      	MOVLW      199
0x02CA	0x1283      	BCF        STATUS, 5
0x02CB	0x1303      	BCF        STATUS, 6
0x02CC	0x059F      	ANDWF      ADCON0, 1
;BicycleSafetySystem.c,205 :: 		usDelay(10);               // Stabilize ADC input
0x02CD	0x300A      	MOVLW      10
0x02CE	0x00E2      	MOVWF      FARG_usDelay_usCnt
0x02CF	0x3000      	MOVLW      0
0x02D0	0x00E3      	MOVWF      FARG_usDelay_usCnt+1
0x02D1	0x227F      	CALL       _usDelay
;BicycleSafetySystem.c,206 :: 		ADCON0 |= 0x04;            // Start ADC conversion
0x02D2	0x151F      	BSF        ADCON0, 2
;BicycleSafetySystem.c,207 :: 		while (ADCON0 & 0x04);     // Wait for conversion to complete
L_ATD_read026:
0x02D3	0x1D1F      	BTFSS      ADCON0, 2
0x02D4	0x2AD6      	GOTO       L_ATD_read027
0x02D5	0x2AD3      	GOTO       L_ATD_read026
L_ATD_read027:
;BicycleSafetySystem.c,208 :: 		return ((ADRESH << 8) | ADRESL);
0x02D6	0x081E      	MOVF       ADRESH, 0
0x02D7	0x00F1      	MOVWF      R0+1
0x02D8	0x01F0      	CLRF       R0
0x02D9	0x1683      	BSF        STATUS, 5
0x02DA	0x081E      	MOVF       ADRESL, 0
0x02DB	0x04F0      	IORWF      R0, 1
0x02DC	0x3000      	MOVLW      0
0x02DD	0x04F1      	IORWF      R0+1, 1
;BicycleSafetySystem.c,209 :: 		}
L_end_ATD_read0:
0x02DE	0x0008      	RETURN
; end of _ATD_read0
_ATD_init:
;BicycleSafetySystem.c,195 :: 		void ATD_init(void) {
;BicycleSafetySystem.c,196 :: 		ADCON0 = 0x41;             // ADC ON, Don't GO, Channel 0, Fosc/16
0x02DF	0x3041      	MOVLW      65
0x02E0	0x1283      	BCF        STATUS, 5
0x02E1	0x1303      	BCF        STATUS, 6
0x02E2	0x009F      	MOVWF      ADCON0
;BicycleSafetySystem.c,197 :: 		ADCON1 = 0xC0;             // All analog channels, 500 KHz, right justified
0x02E3	0x30C0      	MOVLW      192
0x02E4	0x1683      	BSF        STATUS, 5
0x02E5	0x009F      	MOVWF      ADCON1
;BicycleSafetySystem.c,198 :: 		TRISA = 0xFF;              // Configure PORTA as input
0x02E6	0x30FF      	MOVLW      255
0x02E7	0x0085      	MOVWF      TRISA
;BicycleSafetySystem.c,199 :: 		TRISE = 0x07;              // Configure PORTE as input
0x02E8	0x3007      	MOVLW      7
0x02E9	0x0089      	MOVWF      TRISE
;BicycleSafetySystem.c,200 :: 		}
L_end_ATD_init:
0x02EA	0x0008      	RETURN
; end of _ATD_init
_Mul_16X16_U:
;__Lib_Math.c,136 :: 		
;__Lib_Math.c,143 :: 		
0x02EB	0x1283      	BCF        STATUS, 5
;__Lib_Math.c,144 :: 		
0x02EC	0x1303      	BCF        STATUS, 6
;__Lib_Math.c,145 :: 		
0x02ED	0x01FB      	CLRF       R11
;__Lib_Math.c,146 :: 		
0x02EE	0x01FA      	CLRF       R10
;__Lib_Math.c,147 :: 		
0x02EF	0x01F9      	CLRF       R9
;__Lib_Math.c,148 :: 		
0x02F0	0x3080      	MOVLW      128
;__Lib_Math.c,149 :: 		
0x02F1	0x00F8      	MOVWF      R8
;__Lib_Math.c,150 :: 		
0x02F2	0x0CF1      	RRF        R1, 1
;__Lib_Math.c,151 :: 		
0x02F3	0x0CF0      	RRF        R0, 1
;__Lib_Math.c,152 :: 		
0x02F4	0x1C03      	BTFSS      STATUS, 0
;__Lib_Math.c,153 :: 		
0x02F5	0x2AFF      	GOTO       $+10
;__Lib_Math.c,154 :: 		
0x02F6	0x0874      	MOVF       R4, 0
;__Lib_Math.c,155 :: 		
0x02F7	0x07F9      	ADDWF      R9, 1
;__Lib_Math.c,156 :: 		
0x02F8	0x0875      	MOVF       R5, 0
;__Lib_Math.c,157 :: 		
0x02F9	0x1803      	BTFSC      STATUS, 0
;__Lib_Math.c,158 :: 		
0x02FA	0x0F75      	INCFSZ     R5, 0
;__Lib_Math.c,159 :: 		
0x02FB	0x07FA      	ADDWF      R10, 1
;__Lib_Math.c,160 :: 		
0x02FC	0x1803      	BTFSC      STATUS, 0
;__Lib_Math.c,161 :: 		
0x02FD	0x0AFB      	INCF       R11, 1
;__Lib_Math.c,162 :: 		
0x02FE	0x1003      	BCF        STATUS, 0
;__Lib_Math.c,163 :: 		
0x02FF	0x1FF0      	BTFSS      R0, 7
;__Lib_Math.c,164 :: 		
0x0300	0x2B07      	GOTO       $+7
;__Lib_Math.c,165 :: 		
0x0301	0x0874      	MOVF       R4, 0
;__Lib_Math.c,166 :: 		
0x0302	0x07FA      	ADDWF      R10, 1
;__Lib_Math.c,167 :: 		
0x0303	0x0875      	MOVF       R5, 0
;__Lib_Math.c,168 :: 		
0x0304	0x1803      	BTFSC      STATUS, 0
;__Lib_Math.c,169 :: 		
0x0305	0x0F75      	INCFSZ     R5, 0
;__Lib_Math.c,170 :: 		
0x0306	0x07FB      	ADDWF      R11, 1
;__Lib_Math.c,171 :: 		
0x0307	0x0CFB      	RRF        R11, 1
;__Lib_Math.c,172 :: 		
0x0308	0x0CFA      	RRF        R10, 1
;__Lib_Math.c,173 :: 		
0x0309	0x0CF9      	RRF        R9, 1
;__Lib_Math.c,174 :: 		
0x030A	0x0CF8      	RRF        R8, 1
;__Lib_Math.c,175 :: 		
0x030B	0x1C03      	BTFSS      STATUS, 0
;__Lib_Math.c,176 :: 		
0x030C	0x2AF2      	GOTO       $-26
;__Lib_Math.c,177 :: 		
0x030D	0x087B      	MOVF       R11, 0
;__Lib_Math.c,178 :: 		
0x030E	0x00F3      	MOVWF      R3
;__Lib_Math.c,179 :: 		
0x030F	0x087A      	MOVF       R10, 0
;__Lib_Math.c,180 :: 		
0x0310	0x00F2      	MOVWF      R2
;__Lib_Math.c,181 :: 		
0x0311	0x0879      	MOVF       R9, 0
;__Lib_Math.c,182 :: 		
0x0312	0x00F1      	MOVWF      R1
;__Lib_Math.c,183 :: 		
0x0313	0x0878      	MOVF       R8, 0
;__Lib_Math.c,184 :: 		
0x0314	0x00F0      	MOVWF      R0
;__Lib_Math.c,187 :: 		
L_end_Mul_16X16_U:
0x0315	0x0008      	RETURN
; end of _Mul_16X16_U
_Div_16X16_U:
;__Lib_Math.c,215 :: 		
;__Lib_Math.c,222 :: 		
0x0316	0x1283      	BCF        STATUS, 5
;__Lib_Math.c,223 :: 		
0x0317	0x1303      	BCF        STATUS, 6
;__Lib_Math.c,224 :: 		
0x0318	0x01F8      	CLRF       R8
;__Lib_Math.c,225 :: 		
0x0319	0x01F9      	CLRF       R9
;__Lib_Math.c,226 :: 		
0x031A	0x3010      	MOVLW      16
;__Lib_Math.c,227 :: 		
0x031B	0x00FC      	MOVWF      R12
;__Lib_Math.c,228 :: 		
0x031C	0x0D71      	RLF        R1, 0
;__Lib_Math.c,229 :: 		
0x031D	0x0DF8      	RLF        R8, 1
;__Lib_Math.c,230 :: 		
0x031E	0x0DF9      	RLF        R9, 1
;__Lib_Math.c,231 :: 		
0x031F	0x0874      	MOVF       R4, 0
;__Lib_Math.c,232 :: 		
0x0320	0x02F8      	SUBWF      R8, 1
;__Lib_Math.c,233 :: 		
0x0321	0x0875      	MOVF       R5, 0
;__Lib_Math.c,234 :: 		
0x0322	0x1C03      	BTFSS      STATUS, 0
;__Lib_Math.c,235 :: 		
0x0323	0x0F75      	INCFSZ     R5, 0
;__Lib_Math.c,236 :: 		
0x0324	0x02F9      	SUBWF      R9, 1
;__Lib_Math.c,237 :: 		
0x0325	0x1803      	BTFSC      STATUS, 0
;__Lib_Math.c,238 :: 		
0x0326	0x2B2E      	GOTO       $+8
;__Lib_Math.c,239 :: 		
0x0327	0x0874      	MOVF       R4, 0
;__Lib_Math.c,240 :: 		
0x0328	0x07F8      	ADDWF      R8, 1
;__Lib_Math.c,241 :: 		
0x0329	0x0875      	MOVF       R5, 0
;__Lib_Math.c,242 :: 		
0x032A	0x1803      	BTFSC      STATUS, 0
;__Lib_Math.c,243 :: 		
0x032B	0x0F75      	INCFSZ     R5, 0
;__Lib_Math.c,244 :: 		
0x032C	0x07F9      	ADDWF      R9, 1
;__Lib_Math.c,245 :: 		
0x032D	0x1003      	BCF        STATUS, 0
;__Lib_Math.c,246 :: 		
0x032E	0x0DF0      	RLF        R0, 1
;__Lib_Math.c,247 :: 		
0x032F	0x0DF1      	RLF        R1, 1
;__Lib_Math.c,248 :: 		
0x0330	0x0BFC      	DECFSZ     R12, 1
;__Lib_Math.c,249 :: 		
0x0331	0x2B1C      	GOTO       $-21
;__Lib_Math.c,251 :: 		
L_end_Div_16X16_U:
0x0332	0x0008      	RETURN
; end of _Div_16X16_U
_sonar_init:
;BicycleSafetySystem.c,230 :: 		void sonar_init(void) {
;BicycleSafetySystem.c,231 :: 		T1overflow = 0;
0x0333	0x1283      	BCF        STATUS, 5
0x0334	0x1303      	BCF        STATUS, 6
0x0335	0x01DF      	CLRF       _T1overflow
0x0336	0x01E0      	CLRF       _T1overflow+1
;BicycleSafetySystem.c,232 :: 		T1counts = 0;
0x0337	0x01DB      	CLRF       _T1counts
0x0338	0x01DC      	CLRF       _T1counts+1
0x0339	0x01DD      	CLRF       _T1counts+2
0x033A	0x01DE      	CLRF       _T1counts+3
;BicycleSafetySystem.c,233 :: 		T1time = 0;
0x033B	0x01B8      	CLRF       _T1time
0x033C	0x01B9      	CLRF       _T1time+1
0x033D	0x01BA      	CLRF       _T1time+2
0x033E	0x01BB      	CLRF       _T1time+3
;BicycleSafetySystem.c,234 :: 		T2overflow = 0;
0x033F	0x01B6      	CLRF       _T2overflow
0x0340	0x01B7      	CLRF       _T2overflow+1
;BicycleSafetySystem.c,235 :: 		T2counts = 0;
0x0341	0x01B2      	CLRF       _T2counts
0x0342	0x01B3      	CLRF       _T2counts+1
0x0343	0x01B4      	CLRF       _T2counts+2
0x0344	0x01B5      	CLRF       _T2counts+3
;BicycleSafetySystem.c,236 :: 		T2time = 0;
0x0345	0x01C4      	CLRF       _T2time
0x0346	0x01C5      	CLRF       _T2time+1
0x0347	0x01C6      	CLRF       _T2time+2
0x0348	0x01C7      	CLRF       _T2time+3
;BicycleSafetySystem.c,237 :: 		D1 = 0;
0x0349	0x01C0      	CLRF       _D1
0x034A	0x01C1      	CLRF       _D1+1
0x034B	0x01C2      	CLRF       _D1+2
0x034C	0x01C3      	CLRF       _D1+3
;BicycleSafetySystem.c,238 :: 		D2 = 0;
0x034D	0x01BC      	CLRF       _D2
0x034E	0x01BD      	CLRF       _D2+1
0x034F	0x01BE      	CLRF       _D2+2
0x0350	0x01BF      	CLRF       _D2+3
;BicycleSafetySystem.c,239 :: 		TMR1H = 0;
0x0351	0x018F      	CLRF       TMR1H
;BicycleSafetySystem.c,240 :: 		TMR1L = 0;
0x0352	0x018E      	CLRF       TMR1L
;BicycleSafetySystem.c,241 :: 		PIE1 = PIE1 | 0x01;               // Enable TMR1 Overflow interrupt
0x0353	0x1683      	BSF        STATUS, 5
0x0354	0x140C      	BSF        PIE1, 0
;BicycleSafetySystem.c,242 :: 		T1CON = 0x18;                     // TMR1 OFF, Fosc/4 (inc 1uS) with 1:2 prescaler
0x0355	0x3018      	MOVLW      24
0x0356	0x1283      	BCF        STATUS, 5
0x0357	0x0090      	MOVWF      T1CON
;BicycleSafetySystem.c,243 :: 		}
L_end_sonar_init:
0x0358	0x0008      	RETURN
; end of _sonar_init
_ATD_read1:
;BicycleSafetySystem.c,212 :: 		unsigned int ATD_read1(void) {
;BicycleSafetySystem.c,213 :: 		ADCON0 = (ADCON0 & 0xCF) | 0x08;  // Select channel 1
0x0359	0x30CF      	MOVLW      207
0x035A	0x1283      	BCF        STATUS, 5
0x035B	0x1303      	BCF        STATUS, 6
0x035C	0x051F      	ANDWF      ADCON0, 0
0x035D	0x00F0      	MOVWF      R0
0x035E	0x3008      	MOVLW      8
0x035F	0x0470      	IORWF      R0, 0
0x0360	0x009F      	MOVWF      ADCON0
;BicycleSafetySystem.c,214 :: 		usDelay(10);                      // Stabilize ADC input
0x0361	0x300A      	MOVLW      10
0x0362	0x00E2      	MOVWF      FARG_usDelay_usCnt
0x0363	0x3000      	MOVLW      0
0x0364	0x00E3      	MOVWF      FARG_usDelay_usCnt+1
0x0365	0x227F      	CALL       _usDelay
;BicycleSafetySystem.c,215 :: 		ADCON0 |= 0x04;                   // Start ADC conversion
0x0366	0x151F      	BSF        ADCON0, 2
;BicycleSafetySystem.c,216 :: 		while (ADCON0 & 0x04);            // Wait for conversion to complete
L_ATD_read128:
0x0367	0x1D1F      	BTFSS      ADCON0, 2
0x0368	0x2B6A      	GOTO       L_ATD_read129
0x0369	0x2B67      	GOTO       L_ATD_read128
L_ATD_read129:
;BicycleSafetySystem.c,217 :: 		return ((ADRESH << 8) | ADRESL);
0x036A	0x081E      	MOVF       ADRESH, 0
0x036B	0x00F1      	MOVWF      R0+1
0x036C	0x01F0      	CLRF       R0
0x036D	0x1683      	BSF        STATUS, 5
0x036E	0x081E      	MOVF       ADRESL, 0
0x036F	0x04F0      	IORWF      R0, 1
0x0370	0x3000      	MOVLW      0
0x0371	0x04F1      	IORWF      R0+1, 1
;BicycleSafetySystem.c,218 :: 		}
L_end_ATD_read1:
0x0372	0x0008      	RETURN
; end of _ATD_read1
_ATD_read2:
;BicycleSafetySystem.c,221 :: 		unsigned int ATD_read2(void) {
;BicycleSafetySystem.c,222 :: 		ADCON0 = (ADCON0 & 0xD7) | 0x10;  // Select channel 2
0x0373	0x30D7      	MOVLW      215
0x0374	0x1283      	BCF        STATUS, 5
0x0375	0x1303      	BCF        STATUS, 6
0x0376	0x051F      	ANDWF      ADCON0, 0
0x0377	0x00F0      	MOVWF      R0
0x0378	0x3010      	MOVLW      16
0x0379	0x0470      	IORWF      R0, 0
0x037A	0x009F      	MOVWF      ADCON0
;BicycleSafetySystem.c,223 :: 		usDelay(10);                      // Stabilize ADC input
0x037B	0x300A      	MOVLW      10
0x037C	0x00E2      	MOVWF      FARG_usDelay_usCnt
0x037D	0x3000      	MOVLW      0
0x037E	0x00E3      	MOVWF      FARG_usDelay_usCnt+1
0x037F	0x227F      	CALL       _usDelay
;BicycleSafetySystem.c,224 :: 		ADCON0 |= 0x04;                   // Start ADC conversion
0x0380	0x151F      	BSF        ADCON0, 2
;BicycleSafetySystem.c,225 :: 		while (ADCON0 & 0x04);            // Wait for conversion to complete
L_ATD_read230:
0x0381	0x1D1F      	BTFSS      ADCON0, 2
0x0382	0x2B84      	GOTO       L_ATD_read231
0x0383	0x2B81      	GOTO       L_ATD_read230
L_ATD_read231:
;BicycleSafetySystem.c,226 :: 		return ((ADRESH << 8) | ADRESL);
0x0384	0x081E      	MOVF       ADRESH, 0
0x0385	0x00F1      	MOVWF      R0+1
0x0386	0x01F0      	CLRF       R0
0x0387	0x1683      	BSF        STATUS, 5
0x0388	0x081E      	MOVF       ADRESL, 0
0x0389	0x04F0      	IORWF      R0, 1
0x038A	0x3000      	MOVLW      0
0x038B	0x04F1      	IORWF      R0+1, 1
;BicycleSafetySystem.c,227 :: 		}
L_end_ATD_read2:
0x038C	0x0008      	RETURN
; end of _ATD_read2
_sonar_read1:
;BicycleSafetySystem.c,246 :: 		void sonar_read1(void) {
;BicycleSafetySystem.c,247 :: 		T1overflow = 0;
0x038D	0x1283      	BCF        STATUS, 5
0x038E	0x1303      	BCF        STATUS, 6
0x038F	0x01DF      	CLRF       _T1overflow
0x0390	0x01E0      	CLRF       _T1overflow+1
;BicycleSafetySystem.c,248 :: 		TMR1H = 0;
0x0391	0x018F      	CLRF       TMR1H
;BicycleSafetySystem.c,249 :: 		TMR1L = 0;
0x0392	0x018E      	CLRF       TMR1L
;BicycleSafetySystem.c,251 :: 		PORTB |= 0x80;                    // Trigger the ultrasonic sensor (RB7 connected to trigger)
0x0393	0x1786      	BSF        PORTB, 7
;BicycleSafetySystem.c,252 :: 		usDelay(10);                      // Keep trigger for 10uS
0x0394	0x300A      	MOVLW      10
0x0395	0x00E2      	MOVWF      FARG_usDelay_usCnt
0x0396	0x3000      	MOVLW      0
0x0397	0x00E3      	MOVWF      FARG_usDelay_usCnt+1
0x0398	0x227F      	CALL       _usDelay
;BicycleSafetySystem.c,253 :: 		PORTB &= 0x7F;                    // Remove trigger
0x0399	0x307F      	MOVLW      127
0x039A	0x0586      	ANDWF      PORTB, 1
;BicycleSafetySystem.c,255 :: 		while (!(PORTB & 0x40));          // Wait until you start receiving the echo
L_sonar_read132:
0x039B	0x1B06      	BTFSC      PORTB, 6
0x039C	0x2B9E      	GOTO       L_sonar_read133
0x039D	0x2B9B      	GOTO       L_sonar_read132
L_sonar_read133:
;BicycleSafetySystem.c,256 :: 		T1CON = 0x19;                     // TMR1 ON, Fosc/4 (inc 1uS) with 1:2 prescaler
0x039E	0x3019      	MOVLW      25
0x039F	0x0090      	MOVWF      T1CON
;BicycleSafetySystem.c,257 :: 		while (PORTB & 0x40);             // Wait until the pulse is received
L_sonar_read134:
0x03A0	0x1F06      	BTFSS      PORTB, 6
0x03A1	0x2BA3      	GOTO       L_sonar_read135
0x03A2	0x2BA0      	GOTO       L_sonar_read134
L_sonar_read135:
;BicycleSafetySystem.c,258 :: 		T1CON = 0x18;                     // TMR1 OFF
0x03A3	0x3018      	MOVLW      24
0x03A4	0x0090      	MOVWF      T1CON
;BicycleSafetySystem.c,260 :: 		T1counts = ((TMR1H << 8) | TMR1L) + (T1overflow * 65536);
0x03A5	0x080F      	MOVF       TMR1H, 0
0x03A6	0x00F1      	MOVWF      R0+1
0x03A7	0x01F0      	CLRF       R0
0x03A8	0x080E      	MOVF       TMR1L, 0
0x03A9	0x0470      	IORWF      R0, 0
0x03AA	0x00F8      	MOVWF      R8
0x03AB	0x0871      	MOVF       R0+1, 0
0x03AC	0x00F9      	MOVWF      R8+1
0x03AD	0x3000      	MOVLW      0
0x03AE	0x04F9      	IORWF      R8+1, 1
0x03AF	0x0860      	MOVF       _T1overflow+1, 0
0x03B0	0x00F7      	MOVWF      R4+3
0x03B1	0x085F      	MOVF       _T1overflow, 0
0x03B2	0x00F6      	MOVWF      R4+2
0x03B3	0x01F4      	CLRF       R4
0x03B4	0x01F5      	CLRF       R4+1
0x03B5	0x0878      	MOVF       R8, 0
0x03B6	0x00F0      	MOVWF      R0
0x03B7	0x0879      	MOVF       R8+1, 0
0x03B8	0x00F1      	MOVWF      R0+1
0x03B9	0x01F2      	CLRF       R0+2
0x03BA	0x01F3      	CLRF       R0+3
0x03BB	0x0874      	MOVF       R4, 0
0x03BC	0x07F0      	ADDWF      R0, 1
0x03BD	0x0875      	MOVF       R4+1, 0
0x03BE	0x1803      	BTFSC      STATUS, 0
0x03BF	0x0F75      	INCFSZ     R4+1, 0
0x03C0	0x07F1      	ADDWF      R0+1, 1
0x03C1	0x0876      	MOVF       R4+2, 0
0x03C2	0x1803      	BTFSC      STATUS, 0
0x03C3	0x0F76      	INCFSZ     R4+2, 0
0x03C4	0x07F2      	ADDWF      R0+2, 1
0x03C5	0x0877      	MOVF       R4+3, 0
0x03C6	0x1803      	BTFSC      STATUS, 0
0x03C7	0x0F77      	INCFSZ     R4+3, 0
0x03C8	0x07F3      	ADDWF      R0+3, 1
0x03C9	0x0870      	MOVF       R0, 0
0x03CA	0x00DB      	MOVWF      _T1counts
0x03CB	0x0871      	MOVF       R0+1, 0
0x03CC	0x00DC      	MOVWF      _T1counts+1
0x03CD	0x0872      	MOVF       R0+2, 0
0x03CE	0x00DD      	MOVWF      _T1counts+2
0x03CF	0x0873      	MOVF       R0+3, 0
0x03D0	0x00DE      	MOVWF      _T1counts+3
;BicycleSafetySystem.c,261 :: 		T1time = T1counts;                // Time in microseconds
0x03D1	0x0870      	MOVF       R0, 0
0x03D2	0x00B8      	MOVWF      _T1time
0x03D3	0x0871      	MOVF       R0+1, 0
0x03D4	0x00B9      	MOVWF      _T1time+1
0x03D5	0x0872      	MOVF       R0+2, 0
0x03D6	0x00BA      	MOVWF      _T1time+2
0x03D7	0x0873      	MOVF       R0+3, 0
0x03D8	0x00BB      	MOVWF      _T1time+3
;BicycleSafetySystem.c,262 :: 		D1 = ((T1time * 34) / 1000) / 2;  // Calculate distance in cm
0x03D9	0x3022      	MOVLW      34
0x03DA	0x00F4      	MOVWF      R4
0x03DB	0x01F5      	CLRF       R4+1
0x03DC	0x01F6      	CLRF       R4+2
0x03DD	0x01F7      	CLRF       R4+3
0x03DE	0x2292      	CALL       _Mul_32x32_U
0x03DF	0x30E8      	MOVLW      232
0x03E0	0x00F4      	MOVWF      R4
0x03E1	0x3003      	MOVLW      3
0x03E2	0x00F5      	MOVWF      R4+1
0x03E3	0x01F6      	CLRF       R4+2
0x03E4	0x01F7      	CLRF       R4+3
0x03E5	0x2107      	CALL       _Div_32x32_U
0x03E6	0x0870      	MOVF       R0, 0
0x03E7	0x00C0      	MOVWF      _D1
0x03E8	0x0871      	MOVF       R0+1, 0
0x03E9	0x00C1      	MOVWF      _D1+1
0x03EA	0x0872      	MOVF       R0+2, 0
0x03EB	0x00C2      	MOVWF      _D1+2
0x03EC	0x0873      	MOVF       R0+3, 0
0x03ED	0x00C3      	MOVWF      _D1+3
0x03EE	0x0CC3      	RRF        _D1+3, 1
0x03EF	0x0CC2      	RRF        _D1+2, 1
0x03F0	0x0CC1      	RRF        _D1+1, 1
0x03F1	0x0CC0      	RRF        _D1, 1
0x03F2	0x13C3      	BCF        _D1+3, 7
;BicycleSafetySystem.c,263 :: 		}
L_end_sonar_read1:
0x03F3	0x0008      	RETURN
; end of _sonar_read1
_sonar_read2:
;BicycleSafetySystem.c,265 :: 		void sonar_read2(void) {
;BicycleSafetySystem.c,266 :: 		T2overflow = 0;
0x03F4	0x1283      	BCF        STATUS, 5
0x03F5	0x1303      	BCF        STATUS, 6
0x03F6	0x01B6      	CLRF       _T2overflow
0x03F7	0x01B7      	CLRF       _T2overflow+1
;BicycleSafetySystem.c,267 :: 		TMR1H = 0;
0x03F8	0x018F      	CLRF       TMR1H
;BicycleSafetySystem.c,268 :: 		TMR1L = 0;
0x03F9	0x018E      	CLRF       TMR1L
;BicycleSafetySystem.c,270 :: 		PORTC |= 0x80;                    // Trigger the ultrasonic sensor (RC7 connected to trigger)
0x03FA	0x1787      	BSF        PORTC, 7
;BicycleSafetySystem.c,271 :: 		usDelay(10);                      // Keep trigger for 10uS
0x03FB	0x300A      	MOVLW      10
0x03FC	0x00E2      	MOVWF      FARG_usDelay_usCnt
0x03FD	0x3000      	MOVLW      0
0x03FE	0x00E3      	MOVWF      FARG_usDelay_usCnt+1
0x03FF	0x227F      	CALL       _usDelay
;BicycleSafetySystem.c,272 :: 		PORTC &= 0x7F;                    // Remove trigger
0x0400	0x307F      	MOVLW      127
0x0401	0x0587      	ANDWF      PORTC, 1
;BicycleSafetySystem.c,274 :: 		while (!(PORTC & 0x40));          // Wait until you start receiving the echo
L_sonar_read236:
0x0402	0x1B07      	BTFSC      PORTC, 6
0x0403	0x2C05      	GOTO       L_sonar_read237
0x0404	0x2C02      	GOTO       L_sonar_read236
L_sonar_read237:
;BicycleSafetySystem.c,275 :: 		T1CON = 0x19;                     // TMR1 ON, Fosc/4 (inc 1uS) with 1:2 prescaler
0x0405	0x3019      	MOVLW      25
0x0406	0x0090      	MOVWF      T1CON
;BicycleSafetySystem.c,276 :: 		while (PORTC & 0x40);             // Wait until the pulse is received
L_sonar_read238:
0x0407	0x1F07      	BTFSS      PORTC, 6
0x0408	0x2C0A      	GOTO       L_sonar_read239
0x0409	0x2C07      	GOTO       L_sonar_read238
L_sonar_read239:
;BicycleSafetySystem.c,277 :: 		T1CON = 0x18;                     // TMR1 OFF
0x040A	0x3018      	MOVLW      24
0x040B	0x0090      	MOVWF      T1CON
;BicycleSafetySystem.c,279 :: 		T2counts = ((TMR1H << 8) | TMR1L) + (T2overflow * 65536);
0x040C	0x080F      	MOVF       TMR1H, 0
0x040D	0x00F1      	MOVWF      R0+1
0x040E	0x01F0      	CLRF       R0
0x040F	0x080E      	MOVF       TMR1L, 0
0x0410	0x0470      	IORWF      R0, 0
0x0411	0x00F8      	MOVWF      R8
0x0412	0x0871      	MOVF       R0+1, 0
0x0413	0x00F9      	MOVWF      R8+1
0x0414	0x3000      	MOVLW      0
0x0415	0x04F9      	IORWF      R8+1, 1
0x0416	0x0837      	MOVF       _T2overflow+1, 0
0x0417	0x00F7      	MOVWF      R4+3
0x0418	0x0836      	MOVF       _T2overflow, 0
0x0419	0x00F6      	MOVWF      R4+2
0x041A	0x01F4      	CLRF       R4
0x041B	0x01F5      	CLRF       R4+1
0x041C	0x0878      	MOVF       R8, 0
0x041D	0x00F0      	MOVWF      R0
0x041E	0x0879      	MOVF       R8+1, 0
0x041F	0x00F1      	MOVWF      R0+1
0x0420	0x01F2      	CLRF       R0+2
0x0421	0x01F3      	CLRF       R0+3
0x0422	0x0874      	MOVF       R4, 0
0x0423	0x07F0      	ADDWF      R0, 1
0x0424	0x0875      	MOVF       R4+1, 0
0x0425	0x1803      	BTFSC      STATUS, 0
0x0426	0x0F75      	INCFSZ     R4+1, 0
0x0427	0x07F1      	ADDWF      R0+1, 1
0x0428	0x0876      	MOVF       R4+2, 0
0x0429	0x1803      	BTFSC      STATUS, 0
0x042A	0x0F76      	INCFSZ     R4+2, 0
0x042B	0x07F2      	ADDWF      R0+2, 1
0x042C	0x0877      	MOVF       R4+3, 0
0x042D	0x1803      	BTFSC      STATUS, 0
0x042E	0x0F77      	INCFSZ     R4+3, 0
0x042F	0x07F3      	ADDWF      R0+3, 1
0x0430	0x0870      	MOVF       R0, 0
0x0431	0x00B2      	MOVWF      _T2counts
0x0432	0x0871      	MOVF       R0+1, 0
0x0433	0x00B3      	MOVWF      _T2counts+1
0x0434	0x0872      	MOVF       R0+2, 0
0x0435	0x00B4      	MOVWF      _T2counts+2
0x0436	0x0873      	MOVF       R0+3, 0
0x0437	0x00B5      	MOVWF      _T2counts+3
;BicycleSafetySystem.c,280 :: 		T2time = T2counts;                // Time in microseconds
0x0438	0x0870      	MOVF       R0, 0
0x0439	0x00C4      	MOVWF      _T2time
0x043A	0x0871      	MOVF       R0+1, 0
0x043B	0x00C5      	MOVWF      _T2time+1
0x043C	0x0872      	MOVF       R0+2, 0
0x043D	0x00C6      	MOVWF      _T2time+2
0x043E	0x0873      	MOVF       R0+3, 0
0x043F	0x00C7      	MOVWF      _T2time+3
;BicycleSafetySystem.c,281 :: 		D2 = ((T2time * 34) / 1000) / 2;  // Calculate distance in cm
0x0440	0x3022      	MOVLW      34
0x0441	0x00F4      	MOVWF      R4
0x0442	0x01F5      	CLRF       R4+1
0x0443	0x01F6      	CLRF       R4+2
0x0444	0x01F7      	CLRF       R4+3
0x0445	0x2292      	CALL       _Mul_32x32_U
0x0446	0x30E8      	MOVLW      232
0x0447	0x00F4      	MOVWF      R4
0x0448	0x3003      	MOVLW      3
0x0449	0x00F5      	MOVWF      R4+1
0x044A	0x01F6      	CLRF       R4+2
0x044B	0x01F7      	CLRF       R4+3
0x044C	0x2107      	CALL       _Div_32x32_U
0x044D	0x0870      	MOVF       R0, 0
0x044E	0x00BC      	MOVWF      _D2
0x044F	0x0871      	MOVF       R0+1, 0
0x0450	0x00BD      	MOVWF      _D2+1
0x0451	0x0872      	MOVF       R0+2, 0
0x0452	0x00BE      	MOVWF      _D2+2
0x0453	0x0873      	MOVF       R0+3, 0
0x0454	0x00BF      	MOVWF      _D2+3
0x0455	0x0CBF      	RRF        _D2+3, 1
0x0456	0x0CBE      	RRF        _D2+2, 1
0x0457	0x0CBD      	RRF        _D2+1, 1
0x0458	0x0CBC      	RRF        _D2, 1
0x0459	0x13BF      	BCF        _D2+3, 7
;BicycleSafetySystem.c,282 :: 		}
L_end_sonar_read2:
0x045A	0x0008      	RETURN
; end of _sonar_read2
_main:
;BicycleSafetySystem.c,159 :: 		void main() {
;BicycleSafetySystem.c,161 :: 		TRISB = 0x71;                // RB1, RB2, RB3, RB7 as outputs; RB0, RB4, RB5, RB6 as inputs
0x045B	0x3071      	MOVLW      113
0x045C	0x1683      	BSF        STATUS, 5
0x045D	0x1303      	BCF        STATUS, 6
0x045E	0x0086      	MOVWF      TRISB
;BicycleSafetySystem.c,162 :: 		PORTB = 0x00;                // Initialize PORTB to LOW
0x045F	0x1283      	BCF        STATUS, 5
0x0460	0x0186      	CLRF       PORTB
;BicycleSafetySystem.c,163 :: 		TRISC = 0x40;                // Configure RC6 as input
0x0461	0x3040      	MOVLW      64
0x0462	0x1683      	BSF        STATUS, 5
0x0463	0x0087      	MOVWF      TRISC
;BicycleSafetySystem.c,164 :: 		PORTC = 0x00;                // Initialize PORTC to LOW
0x0464	0x1283      	BCF        STATUS, 5
0x0465	0x0187      	CLRF       PORTC
;BicycleSafetySystem.c,167 :: 		ATD_init();
0x0466	0x22DF      	CALL       _ATD_init
;BicycleSafetySystem.c,168 :: 		sonar_init();                // Initialize ultrasonic sensor
0x0467	0x2333      	CALL       _sonar_init
;BicycleSafetySystem.c,171 :: 		OPTION_REG = 0x07;           // Oscillator clock/4, prescaler of 256
0x0468	0x3007      	MOVLW      7
0x0469	0x1683      	BSF        STATUS, 5
0x046A	0x0081      	MOVWF      OPTION_REG
;BicycleSafetySystem.c,172 :: 		INTCON = 0xF8;               // Enable all interrupts
0x046B	0x30F8      	MOVLW      248
0x046C	0x008B      	MOVWF      INTCON
;BicycleSafetySystem.c,173 :: 		TMR0 = 0;                    // Reset Timer0
0x046D	0x1283      	BCF        STATUS, 5
0x046E	0x0181      	CLRF       TMR0
;BicycleSafetySystem.c,176 :: 		tick = tick1 = tick2 = tick3 = tick4 = ticka = tickb = pulse = 0;
0x046F	0x01CA      	CLRF       _pulse
0x0470	0x01CB      	CLRF       _pulse+1
0x0471	0x01CC      	CLRF       _tickb
0x0472	0x01CD      	CLRF       _ticka
0x0473	0x01D5      	CLRF       _tick4
0x0474	0x01D6      	CLRF       _tick3
0x0475	0x01D7      	CLRF       _tick2
0x0476	0x01D1      	CLRF       _tick1
0x0477	0x01D2      	CLRF       _tick
;BicycleSafetySystem.c,179 :: 		while (1) {
L_main20:
;BicycleSafetySystem.c,180 :: 		if (D1 < 20) {
0x0478	0x3000      	MOVLW      0
0x0479	0x0243      	SUBWF      _D1+3, 0
0x047A	0x1D03      	BTFSS      STATUS, 2
0x047B	0x2C86      	GOTO       L__main56
0x047C	0x3000      	MOVLW      0
0x047D	0x0242      	SUBWF      _D1+2, 0
0x047E	0x1D03      	BTFSS      STATUS, 2
0x047F	0x2C86      	GOTO       L__main56
0x0480	0x3000      	MOVLW      0
0x0481	0x0241      	SUBWF      _D1+1, 0
0x0482	0x1D03      	BTFSS      STATUS, 2
0x0483	0x2C86      	GOTO       L__main56
0x0484	0x3014      	MOVLW      20
0x0485	0x0240      	SUBWF      _D1, 0
L__main56:
0x0486	0x1803      	BTFSC      STATUS, 0
0x0487	0x2C8B      	GOTO       L_main22
;BicycleSafetySystem.c,181 :: 		PORTC |= 0x0C;        // Turn on RC2 and RC3
0x0488	0x300C      	MOVLW      12
0x0489	0x0487      	IORWF      PORTC, 1
;BicycleSafetySystem.c,182 :: 		} else {
0x048A	0x2C8D      	GOTO       L_main23
L_main22:
;BicycleSafetySystem.c,183 :: 		PORTC &= 0xF3;        // Turn off RC2 and RC3
0x048B	0x30F3      	MOVLW      243
0x048C	0x0587      	ANDWF      PORTC, 1
;BicycleSafetySystem.c,184 :: 		}
L_main23:
;BicycleSafetySystem.c,186 :: 		if (D2 < 20) {
0x048D	0x3000      	MOVLW      0
0x048E	0x023F      	SUBWF      _D2+3, 0
0x048F	0x1D03      	BTFSS      STATUS, 2
0x0490	0x2C9B      	GOTO       L__main57
0x0491	0x3000      	MOVLW      0
0x0492	0x023E      	SUBWF      _D2+2, 0
0x0493	0x1D03      	BTFSS      STATUS, 2
0x0494	0x2C9B      	GOTO       L__main57
0x0495	0x3000      	MOVLW      0
0x0496	0x023D      	SUBWF      _D2+1, 0
0x0497	0x1D03      	BTFSS      STATUS, 2
0x0498	0x2C9B      	GOTO       L__main57
0x0499	0x3014      	MOVLW      20
0x049A	0x023C      	SUBWF      _D2, 0
L__main57:
0x049B	0x1803      	BTFSC      STATUS, 0
0x049C	0x2CA0      	GOTO       L_main24
;BicycleSafetySystem.c,187 :: 		PORTC |= 0x30;
0x049D	0x3030      	MOVLW      48
0x049E	0x0487      	IORWF      PORTC, 1
;BicycleSafetySystem.c,188 :: 		} else {
0x049F	0x2CA2      	GOTO       L_main25
L_main24:
;BicycleSafetySystem.c,189 :: 		PORTC &= 0xCF;
0x04A0	0x30CF      	MOVLW      207
0x04A1	0x0587      	ANDWF      PORTC, 1
;BicycleSafetySystem.c,190 :: 		}
L_main25:
;BicycleSafetySystem.c,191 :: 		}
0x04A2	0x2C78      	GOTO       L_main20
;BicycleSafetySystem.c,192 :: 		}
L_end_main:
0x04A3	0x2CA3      	GOTO       $+0
; end of _main
Symbol List:
//** Routines locations **
//ADDRESS    SIZE    PROCEDURE
//----------------------------------------------
0x0004     [259]    _interrupt
0x0107     [376]    _Div_32x32_U
0x027F      [19]    _usDelay
0x0292      [55]    _Mul_32x32_U
0x02C9      [22]    _ATD_read0
0x02DF      [12]    _ATD_init
0x02EB      [43]    _Mul_16X16_U
0x0316      [29]    _Div_16X16_U
0x0333      [38]    _sonar_init
0x0359      [26]    _ATD_read1
0x0373      [26]    _ATD_read2
0x038D     [103]    _sonar_read1
0x03F4     [103]    _sonar_read2
0x045B      [73]    _main
//** Variables locations ** 
//ADDRESS    SIZE    VARIABLE
//----------------------------------------------
0x0000       [1]    INDF
0x0001       [1]    TMR0
0x0003       [1]    STATUS
0x0004       [1]    FSR
0x0006       [1]    PORTB
0x0007       [1]    PORTC
0x000A       [1]    PCLATH
0x000B       [1]    INTCON
0x000C       [1]    PIR1
0x000E       [1]    TMR1L
0x000F       [1]    TMR1H
0x0010       [1]    T1CON
0x001E       [1]    ADRESH
0x001F       [1]    ADCON0
0x0020       [1]    ___math_tempb
0x0022       [2]    _hallD2
0x0024       [4]    _dis
0x0028       [4]    _v
0x002C       [2]    _flexA1
0x002E       [2]    _flexD1
0x0030       [2]    _hallA2
0x0032       [4]    _T2counts
0x0036       [2]    _T2overflow
0x0038       [4]    _T1time
0x003C       [4]    _D2
0x0040       [4]    _D1
0x0044       [4]    _T2time
0x0048       [2]    _flexD0
0x004A       [2]    _pulse
0x004C       [1]    _tickb
0x004D       [1]    _ticka
0x004E       [1]    _rturn
0x004F       [1]    _lturn
0x0050       [1]    _tick5
0x0051       [1]    _tick1
0x0052       [1]    _tick
0x0053       [2]    _flexA0
0x0055       [1]    _tick4
0x0056       [1]    _tick3
0x0057       [1]    _tick2
0x0058       [1]    ___saveSTATUS
0x0059       [2]    ___DoICPAddr
0x005B       [4]    _T1counts
0x005F       [2]    _T1overflow
0x0061       [1]    ___savePCLATH
0x0062       [2]    FARG_usDelay_usCnt
0x0070       [1]    R0
0x0071       [1]    R1
0x0072       [1]    R2
0x0073       [1]    R3
0x0074       [1]    R4
0x0075       [1]    R5
0x0076       [1]    R6
0x0077       [1]    R7
0x0078       [1]    R8
0x0079       [1]    R9
0x007A       [1]    R10
0x007B       [1]    R11
0x007C       [1]    R12
0x007D       [1]    R13
0x007E       [1]    R14
0x007F       [1]    R15
0x0081       [1]    OPTION_REG
0x0085       [1]    TRISA
0x0086       [1]    TRISB
0x0087       [1]    TRISC
0x0089       [1]    TRISE
0x008C       [1]    PIE1
0x009E       [1]    ADRESL
0x009F       [1]    ADCON1
